<?xml version="1.0" encoding="UTF-8"?>
<testsuites name="03 Inden Kerja Cara Bayaran EFT Dengan Pemfaktoran" time="959" tests="9" failures="0" errors="0">
   <testsuite name="03 Inden Kerja Cara Bayaran EFT Dengan Pemfaktoran" tests="9" failures="0" errors="0" time="959" timestamp="2019-03-19 12:28:54" hostname="Consultant_MSPHitect - DESKTOP-V9TS2EM" id="Test Suites/Perolehan/03 Inden Kerja Cara Bayaran EFT Dengan Pemfaktoran">
      <properties>
[...]
</properties>
      <testcase name="Test Cases/Perolehan/002 Rekod Baru oleh Penyedia/005 Inden Kerja - EFT" classname="Test Cases/Perolehan/002 Rekod Baru oleh Penyedia/005 Inden Kerja - EFT" status="PASSED">
         <system-out><![CDATA[2019-03-19 12:28:54 - [TEST_CASE][PASSED] - Test Cases/Perolehan/002 Rekod Baru oleh Penyedia/005 Inden Kerja - EFT: Test Cases/Perolehan/002 Rekod Baru oleh Penyedia/005 Inden Kerja - EFT

2019-03-19 12:28:55 - [TEST_STEP][PASSED] - callTestCase(findTestCase("Perolehan/001 Left Menu Selection/Select Menu Pesanan Tempatan"), [:], STOP_ON_FAILURE): Call Test Case 'Test Cases/Perolehan/001 Left Menu Selection/Select Menu Pesanan Tempatan' successfully

2019-03-19 12:28:55 - [TEST_CASE][PASSED] - Test Cases/Perolehan/001 Left Menu Selection/Select Menu Pesanan Tempatan: Test Cases/Perolehan/001 Left Menu Selection/Select Menu Pesanan Tempatan

2019-03-19 12:28:55 - [TEST_STEP][PASSED] - openBrowser("https://175.143.52.101:7011/1SPEKSv2/"): Browser is opened with url: 'https://175.143.52.101:7011/1SPEKSv2/'

2019-03-19 12:28:55 - [MESSAGE][INFO] - Starting 'Chrome' driver

2019-03-19 12:28:55 - [MESSAGE][INFO] - Action delay is set to 0 seconds

2019-03-19 12:28:59 - [MESSAGE][PASSED] - Browser is opened with url: 'https://175.143.52.101:7011/1SPEKSv2/'

2019-03-19 12:28:59 - [TEST_STEP][PASSED] - setText(findTestObject("Login/input_NoKadPengenalan"), findTestData("ispekstestdata").getValue(1, 2)): Text '601101955194' is set on object 'Object Repository/Login/input_NoKadPengenalan'

2019-03-19 12:29:00 - [MESSAGE][PASSED] - Text '601101955194' is set on object 'Object Repository/Login/input_NoKadPengenalan'

2019-03-19 12:29:00 - [TEST_STEP][PASSED] - setEncryptedText(findTestObject("Login/input_Password"), findTestData("ispekstestdata").getValue(2, 2)): Text ****** has been set on object 'Object Repository/Login/input_Password'

2019-03-19 12:29:00 - [MESSAGE][PASSED] - Text ****** has been set on object 'Object Repository/Login/input_Password'

2019-03-19 12:29:00 - [TEST_STEP][PASSED] - click(findTestObject("Login/input_ButtonLogMasuk")): Object: 'Object Repository/Login/input_ButtonLogMasuk' is clicked on

2019-03-19 12:29:06 - [MESSAGE][PASSED] - Object: 'Object Repository/Login/input_ButtonLogMasuk' is clicked on

2019-03-19 12:29:06 - [TEST_STEP][PASSED] - delay(3): Delayed 3 second(s)

2019-03-19 12:29:09 - [MESSAGE][PASSED] - Delayed 3 second(s)

2019-03-19 12:29:09 - [TEST_STEP][PASSED] - reusablefunctions.reusablefunctions.PerananPenyediaPTJ(): reusablefunctions.reusablefunctions.PerananPenyediaPTJ is PASSED

2019-03-19 12:29:11 - [MESSAGE][PASSED] - Object: 'Object Repository/Perolehan/TukarPeranan/IconTukarPeranan' is clicked on

2019-03-19 12:29:11 - [MESSAGE][PASSED] - Object: 'Object Repository/Perolehan/TukarPeranan/input_TukarPenyediaPTJ' is clicked on

2019-03-19 12:29:11 - [MESSAGE][PASSED] - Object: 'Object Repository/Perolehan/TukarPeranan/button_Ya' is clicked on

2019-03-19 12:29:31 - [MESSAGE][PASSED] - Delayed 20 second(s)

2019-03-19 12:29:33 - [MESSAGE][PASSED] - Text 'Peranan : [Penyedia] Peringkat : [PTJ]' is present on page 

2019-03-19 12:29:33 - [MESSAGE][PASSED] - reusablefunctions.reusablefunctions.PerananPenyediaPTJ is PASSED

2019-03-19 12:29:33 - [TEST_STEP][PASSED] - click(findTestObject("Perolehan/001 Left_Menu_Selection/a_ExpandMenuonLeft")): Object: 'Object Repository/Perolehan/001 Left_Menu_Selection/a_ExpandMenuonLeft' is clicked on

2019-03-19 12:29:34 - [MESSAGE][PASSED] - Object: 'Object Repository/Perolehan/001 Left_Menu_Selection/a_ExpandMenuonLeft' is clicked on

2019-03-19 12:29:34 - [TEST_STEP][PASSED] - delay(3, STOP_ON_FAILURE): Delayed 3 second(s)

2019-03-19 12:29:37 - [MESSAGE][PASSED] - Delayed 3 second(s)

2019-03-19 12:29:37 - [TEST_STEP][PASSED] - click(findTestObject("Perolehan/001 Left_Menu_Selection/div_PanelTitlePerolehan")): Object: 'Object Repository/Perolehan/001 Left_Menu_Selection/div_PanelTitlePerolehan' is clicked on

2019-03-19 12:29:37 - [MESSAGE][PASSED] - Object: 'Object Repository/Perolehan/001 Left_Menu_Selection/div_PanelTitlePerolehan' is clicked on

2019-03-19 12:29:37 - [TEST_STEP][PASSED] - delay(3, STOP_ON_FAILURE): Delayed 3 second(s)

2019-03-19 12:29:40 - [MESSAGE][PASSED] - Delayed 3 second(s)

2019-03-19 12:29:40 - [TEST_STEP][PASSED] - click(findTestObject("Perolehan/001 Left_Menu_Selection/div_PesananTempatan")): Object: 'Object Repository/Perolehan/001 Left_Menu_Selection/div_PesananTempatan' is clicked on

2019-03-19 12:29:40 - [MESSAGE][PASSED] - Object: 'Object Repository/Perolehan/001 Left_Menu_Selection/div_PesananTempatan' is clicked on

2019-03-19 12:29:40 - [TEST_STEP][PASSED] - assert true: null

2019-03-19 12:29:40 - [TEST_STEP][PASSED] - delay(3): Delayed 3 second(s)

2019-03-19 12:29:43 - [MESSAGE][PASSED] - Delayed 3 second(s)

2019-03-19 12:29:43 - [MESSAGE][PASSED] - Call Test Case 'Test Cases/Perolehan/001 Left Menu Selection/Select Menu Pesanan Tempatan' successfully

2019-03-19 12:29:43 - [TEST_STEP][PASSED] - click(findTestObject("Perolehan/002 Penyedia_RekodBaru/005 Rekod Baru Inden Kerja/button_Rekod_Baru")): Object: 'Object Repository/Perolehan/002 Penyedia_RekodBaru/005 Rekod Baru Inden Kerja/button_Rekod_Baru' is clicked on

2019-03-19 12:29:43 - [MESSAGE][PASSED] - Object: 'Object Repository/Perolehan/002 Penyedia_RekodBaru/005 Rekod Baru Inden Kerja/button_Rekod_Baru' is clicked on

2019-03-19 12:29:43 - [TEST_STEP][PASSED] - delay(3): Delayed 3 second(s)

2019-03-19 12:29:46 - [MESSAGE][PASSED] - Delayed 3 second(s)

2019-03-19 12:29:46 - [TEST_STEP][PASSED] - click(findTestObject("Perolehan/002 Penyedia_RekodBaru/005 Rekod Baru Inden Kerja/Drop_down_Jenis_Urusniaga")): Object: 'Object Repository/Perolehan/002 Penyedia_RekodBaru/005 Rekod Baru Inden Kerja/Drop_down_Jenis_Urusniaga' is clicked on

2019-03-19 12:29:46 - [MESSAGE][PASSED] - Object: 'Object Repository/Perolehan/002 Penyedia_RekodBaru/005 Rekod Baru Inden Kerja/Drop_down_Jenis_Urusniaga' is clicked on

2019-03-19 12:29:46 - [TEST_STEP][PASSED] - delay(2): Delayed 2 second(s)

2019-03-19 12:29:48 - [MESSAGE][PASSED] - Delayed 2 second(s)

2019-03-19 12:29:48 - [TEST_STEP][PASSED] - mydate = new java.util.Date(): null

2019-03-19 12:29:48 - [TEST_STEP][PASSED] - click(findTestObject("Perolehan/002 Penyedia_RekodBaru/005 Rekod Baru Inden Kerja/select_INDEN KERJA AUTO")): Object: 'Object Repository/Perolehan/002 Penyedia_RekodBaru/005 Rekod Baru Inden Kerja/select_INDEN KERJA AUTO' is clicked on

2019-03-19 12:29:48 - [MESSAGE][PASSED] - Object: 'Object Repository/Perolehan/002 Penyedia_RekodBaru/005 Rekod Baru Inden Kerja/select_INDEN KERJA AUTO' is clicked on

2019-03-19 12:29:48 - [TEST_STEP][PASSED] - click(findTestObject("Perolehan/002 Penyedia_RekodBaru/005 Rekod Baru Inden Kerja/Drop_down_Pembekal")): Object: 'Object Repository/Perolehan/002 Penyedia_RekodBaru/005 Rekod Baru Inden Kerja/Drop_down_Pembekal' is clicked on

2019-03-19 12:29:48 - [MESSAGE][PASSED] - Object: 'Object Repository/Perolehan/002 Penyedia_RekodBaru/005 Rekod Baru Inden Kerja/Drop_down_Pembekal' is clicked on

2019-03-19 12:29:48 - [TEST_STEP][PASSED] - setText(findTestObject("Perolehan/002 Penyedia_RekodBaru/005 Rekod Baru Inden Kerja/input_nama_Pembekal"), "GREEN MIRACLE ENTERPRISE"): Text 'GREEN MIRACLE ENTERPRISE' is set on object 'Object Repository/Perolehan/002 Penyedia_RekodBaru/005 Rekod Baru Inden Kerja/input_nama_Pembekal'

2019-03-19 12:29:49 - [MESSAGE][PASSED] - Text 'GREEN MIRACLE ENTERPRISE' is set on object 'Object Repository/Perolehan/002 Penyedia_RekodBaru/005 Rekod Baru Inden Kerja/input_nama_Pembekal'

2019-03-19 12:29:49 - [TEST_STEP][PASSED] - click(findTestObject("Perolehan/002 Penyedia_RekodBaru/005 Rekod Baru Inden Kerja/select_Kod_Pembekal_Green_Miracle")): Object: 'Object Repository/Perolehan/002 Penyedia_RekodBaru/005 Rekod Baru Inden Kerja/select_Kod_Pembekal_Green_Miracle' is clicked on

2019-03-19 12:29:49 - [MESSAGE][PASSED] - Object: 'Object Repository/Perolehan/002 Penyedia_RekodBaru/005 Rekod Baru Inden Kerja/select_Kod_Pembekal_Green_Miracle' is clicked on

2019-03-19 12:29:49 - [TEST_STEP][PASSED] - click(findTestObject("Perolehan/002 Penyedia_RekodBaru/005 Rekod Baru Inden Kerja/Date_Picker_Sila_Bekalkan")): Object: 'Object Repository/Perolehan/002 Penyedia_RekodBaru/005 Rekod Baru Inden Kerja/Date_Picker_Sila_Bekalkan' is clicked on

2019-03-19 12:29:49 - [MESSAGE][PASSED] - Object: 'Object Repository/Perolehan/002 Penyedia_RekodBaru/005 Rekod Baru Inden Kerja/Date_Picker_Sila_Bekalkan' is clicked on

2019-03-19 12:29:49 - [TEST_STEP][PASSED] - delay(3): Delayed 3 second(s)

2019-03-19 12:29:52 - [MESSAGE][PASSED] - Delayed 3 second(s)

2019-03-19 12:29:52 - [TEST_STEP][PASSED] - click(findTestObject("Perolehan/002 Penyedia_RekodBaru/005 Rekod Baru Inden Kerja/Date_Picker_Next_month")): Object: 'Object Repository/Perolehan/002 Penyedia_RekodBaru/005 Rekod Baru Inden Kerja/Date_Picker_Next_month' is clicked on

2019-03-19 12:29:53 - [MESSAGE][PASSED] - Object: 'Object Repository/Perolehan/002 Penyedia_RekodBaru/005 Rekod Baru Inden Kerja/Date_Picker_Next_month' is clicked on

2019-03-19 12:29:53 - [TEST_STEP][PASSED] - click(findTestObject("Perolehan/002 Penyedia_RekodBaru/005 Rekod Baru Inden Kerja/Date_Picker_Select_date_26th")): Object: 'Object Repository/Perolehan/002 Penyedia_RekodBaru/005 Rekod Baru Inden Kerja/Date_Picker_Select_date_26th' is clicked on

2019-03-19 12:29:53 - [MESSAGE][PASSED] - Object: 'Object Repository/Perolehan/002 Penyedia_RekodBaru/005 Rekod Baru Inden Kerja/Date_Picker_Select_date_26th' is clicked on

2019-03-19 12:29:53 - [TEST_STEP][PASSED] - setText(findTestObject("Perolehan/002 Penyedia_RekodBaru/005 Rekod Baru Inden Kerja/input_no_tanggungan"), "2"): Text '2' is set on object 'Object Repository/Perolehan/002 Penyedia_RekodBaru/005 Rekod Baru Inden Kerja/input_no_tanggungan'

2019-03-19 12:29:53 - [MESSAGE][PASSED] - Text '2' is set on object 'Object Repository/Perolehan/002 Penyedia_RekodBaru/005 Rekod Baru Inden Kerja/input_no_tanggungan'

2019-03-19 12:29:53 - [TEST_STEP][PASSED] - setText(findTestObject("Perolehan/002 Penyedia_RekodBaru/005 Rekod Baru Inden Kerja/input_amaun_tanggungan"), "100"): Text '100' is set on object 'Object Repository/Perolehan/002 Penyedia_RekodBaru/005 Rekod Baru Inden Kerja/input_amaun_tanggungan'

2019-03-19 12:29:53 - [MESSAGE][PASSED] - Text '100' is set on object 'Object Repository/Perolehan/002 Penyedia_RekodBaru/005 Rekod Baru Inden Kerja/input_amaun_tanggungan'

2019-03-19 12:29:53 - [TEST_STEP][PASSED] - setText(findTestObject("Perolehan/002 Penyedia_RekodBaru/005 Rekod Baru Inden Kerja/input_ringkasan_kerja"), "ringkasan kerja untuk inden kerja"): Text 'ringkasan kerja untuk inden kerja' is set on object 'Object Repository/Perolehan/002 Penyedia_RekodBaru/005 Rekod Baru Inden Kerja/input_ringkasan_kerja'

2019-03-19 12:29:53 - [MESSAGE][PASSED] - Text 'ringkasan kerja untuk inden kerja' is set on object 'Object Repository/Perolehan/002 Penyedia_RekodBaru/005 Rekod Baru Inden Kerja/input_ringkasan_kerja'

2019-03-19 12:29:53 - [TEST_STEP][PASSED] - RN = Math.random() * 100000: null

2019-03-19 12:29:53 - [TEST_STEP][PASSED] - setText(findTestObject("Perolehan/002 Penyedia_RekodBaru/005 Rekod Baru Inden Kerja/input_rujukan_fail"), "IK00" + RN): Text 'IK0020857' is set on object 'Object Repository/Perolehan/002 Penyedia_RekodBaru/005 Rekod Baru Inden Kerja/input_rujukan_fail'

2019-03-19 12:29:53 - [MESSAGE][PASSED] - Text 'IK0020857' is set on object 'Object Repository/Perolehan/002 Penyedia_RekodBaru/005 Rekod Baru Inden Kerja/input_rujukan_fail'

2019-03-19 12:29:53 - [TEST_STEP][PASSED] - IKno_rujukan = "IK00" + RN: null

2019-03-19 12:29:53 - [TEST_STEP][PASSED] - println(IKno_rujukan): null

2019-03-19 12:29:53 - [TEST_STEP][PASSED] - setText(findTestObject("Perolehan/002 Penyedia_RekodBaru/005 Rekod Baru Inden Kerja/input_kerja_terperinci"), "kerja terperinci " + mydate): Text 'kerja terperinci Tue Mar 19 12:29:48 SGT 2019' is set on object 'Object Repository/Perolehan/002 Penyedia_RekodBaru/005 Rekod Baru Inden Kerja/input_kerja_terperinci'

2019-03-19 12:29:53 - [MESSAGE][PASSED] - Text 'kerja terperinci Tue Mar 19 12:29:48 SGT 2019' is set on object 'Object Repository/Perolehan/002 Penyedia_RekodBaru/005 Rekod Baru Inden Kerja/input_kerja_terperinci'

2019-03-19 12:29:53 - [TEST_STEP][PASSED] - setText(findTestObject("Perolehan/002 Penyedia_RekodBaru/005 Rekod Baru Inden Kerja/input_Perihal"), "test inden kerja cara bayaran EFT " + mydate): Text 'test inden kerja cara bayaran EFT Tue Mar 19 12:29:48 SGT 2019' is set on object 'Object Repository/Perolehan/002 Penyedia_RekodBaru/005 Rekod Baru Inden Kerja/input_Perihal'

2019-03-19 12:29:54 - [MESSAGE][PASSED] - Text 'test inden kerja cara bayaran EFT Tue Mar 19 12:29:48 SGT 2019' is set on object 'Object Repository/Perolehan/002 Penyedia_RekodBaru/005 Rekod Baru Inden Kerja/input_Perihal'

2019-03-19 12:29:54 - [TEST_STEP][PASSED] - click(findTestObject("Perolehan/002 Penyedia_RekodBaru/005 Rekod Baru Inden Kerja/tambah_maklumat_terperinci")): Object: 'Object Repository/Perolehan/002 Penyedia_RekodBaru/005 Rekod Baru Inden Kerja/tambah_maklumat_terperinci' is clicked on

2019-03-19 12:29:54 - [MESSAGE][PASSED] - Object: 'Object Repository/Perolehan/002 Penyedia_RekodBaru/005 Rekod Baru Inden Kerja/tambah_maklumat_terperinci' is clicked on

2019-03-19 12:29:54 - [TEST_STEP][PASSED] - delay(3): Delayed 3 second(s)

2019-03-19 12:29:57 - [MESSAGE][PASSED] - Delayed 3 second(s)

2019-03-19 12:29:57 - [TEST_STEP][PASSED] - click(findTestObject("Perolehan/002 Penyedia_RekodBaru/005 Rekod Baru Inden Kerja/Drop_down_Vot_Dana")): Object: 'Object Repository/Perolehan/002 Penyedia_RekodBaru/005 Rekod Baru Inden Kerja/Drop_down_Vot_Dana' is clicked on

2019-03-19 12:29:57 - [MESSAGE][PASSED] - Object: 'Object Repository/Perolehan/002 Penyedia_RekodBaru/005 Rekod Baru Inden Kerja/Drop_down_Vot_Dana' is clicked on

2019-03-19 12:29:57 - [TEST_STEP][PASSED] - delay(8): Delayed 8 second(s)

2019-03-19 12:30:05 - [MESSAGE][PASSED] - Delayed 8 second(s)

2019-03-19 12:30:05 - [TEST_STEP][PASSED] - setText(findTestObject("Perolehan/002 Penyedia_RekodBaru/005 Rekod Baru Inden Kerja/input_Vot_kod"), "B31"): Text 'B31' is set on object 'Object Repository/Perolehan/002 Penyedia_RekodBaru/005 Rekod Baru Inden Kerja/input_Vot_kod'

2019-03-19 12:30:05 - [MESSAGE][PASSED] - Text 'B31' is set on object 'Object Repository/Perolehan/002 Penyedia_RekodBaru/005 Rekod Baru Inden Kerja/input_Vot_kod'

2019-03-19 12:30:05 - [TEST_STEP][PASSED] - click(findTestObject("Perolehan/002 Penyedia_RekodBaru/005 Rekod Baru Inden Kerja/select_Vot_B31")): Object: 'Object Repository/Perolehan/002 Penyedia_RekodBaru/005 Rekod Baru Inden Kerja/select_Vot_B31' is clicked on

2019-03-19 12:30:05 - [MESSAGE][PASSED] - Object: 'Object Repository/Perolehan/002 Penyedia_RekodBaru/005 Rekod Baru Inden Kerja/select_Vot_B31' is clicked on

2019-03-19 12:30:05 - [TEST_STEP][PASSED] - click(findTestObject("Perolehan/002 Penyedia_RekodBaru/005 Rekod Baru Inden Kerja/Drop_down_Program_Aktiviti")): Object: 'Object Repository/Perolehan/002 Penyedia_RekodBaru/005 Rekod Baru Inden Kerja/Drop_down_Program_Aktiviti' is clicked on

2019-03-19 12:30:05 - [MESSAGE][PASSED] - Object: 'Object Repository/Perolehan/002 Penyedia_RekodBaru/005 Rekod Baru Inden Kerja/Drop_down_Program_Aktiviti' is clicked on

2019-03-19 12:30:05 - [TEST_STEP][PASSED] - delay(3): Delayed 3 second(s)

2019-03-19 12:30:08 - [MESSAGE][PASSED] - Delayed 3 second(s)

2019-03-19 12:30:08 - [TEST_STEP][PASSED] - setText(findTestObject("Perolehan/002 Penyedia_RekodBaru/005 Rekod Baru Inden Kerja/input_ProgramAktiviti_kod"), "160080"): Text '160080' is set on object 'Object Repository/Perolehan/002 Penyedia_RekodBaru/005 Rekod Baru Inden Kerja/input_ProgramAktiviti_kod'

2019-03-19 12:30:09 - [MESSAGE][PASSED] - Text '160080' is set on object 'Object Repository/Perolehan/002 Penyedia_RekodBaru/005 Rekod Baru Inden Kerja/input_ProgramAktiviti_kod'

2019-03-19 12:30:09 - [TEST_STEP][PASSED] - click(findTestObject("Perolehan/002 Penyedia_RekodBaru/005 Rekod Baru Inden Kerja/select_ProgramAktiviti_010080")): Object: 'Object Repository/Perolehan/002 Penyedia_RekodBaru/005 Rekod Baru Inden Kerja/select_ProgramAktiviti_010080' is clicked on

2019-03-19 12:30:09 - [MESSAGE][PASSED] - Object: 'Object Repository/Perolehan/002 Penyedia_RekodBaru/005 Rekod Baru Inden Kerja/select_ProgramAktiviti_010080' is clicked on

2019-03-19 12:30:09 - [TEST_STEP][PASSED] - click(findTestObject("Perolehan/002 Penyedia_RekodBaru/005 Rekod Baru Inden Kerja/Drop_down_Kod_Akaun")): Object: 'Object Repository/Perolehan/002 Penyedia_RekodBaru/005 Rekod Baru Inden Kerja/Drop_down_Kod_Akaun' is clicked on

2019-03-19 12:30:09 - [MESSAGE][PASSED] - Object: 'Object Repository/Perolehan/002 Penyedia_RekodBaru/005 Rekod Baru Inden Kerja/Drop_down_Kod_Akaun' is clicked on

2019-03-19 12:30:09 - [TEST_STEP][PASSED] - setText(findTestObject("Perolehan/002 Penyedia_RekodBaru/005 Rekod Baru Inden Kerja/input_kod_Akaun_kod"), "B0227102"): Text 'B0227102' is set on object 'Object Repository/Perolehan/002 Penyedia_RekodBaru/005 Rekod Baru Inden Kerja/input_kod_Akaun_kod'

2019-03-19 12:30:09 - [MESSAGE][PASSED] - Text 'B0227102' is set on object 'Object Repository/Perolehan/002 Penyedia_RekodBaru/005 Rekod Baru Inden Kerja/input_kod_Akaun_kod'

2019-03-19 12:30:09 - [TEST_STEP][PASSED] - click(findTestObject("Perolehan/002 Penyedia_RekodBaru/005 Rekod Baru Inden Kerja/select_Kod_Akaun_Alat_tulis")): Object: 'Object Repository/Perolehan/002 Penyedia_RekodBaru/005 Rekod Baru Inden Kerja/select_Kod_Akaun_Alat_tulis' is clicked on

2019-03-19 12:30:10 - [MESSAGE][PASSED] - Object: 'Object Repository/Perolehan/002 Penyedia_RekodBaru/005 Rekod Baru Inden Kerja/select_Kod_Akaun_Alat_tulis' is clicked on

2019-03-19 12:30:10 - [TEST_STEP][PASSED] - setText(findTestObject("Perolehan/002 Penyedia_RekodBaru/005 Rekod Baru Inden Kerja/input_kuantiti"), "7"): Text '7' is set on object 'Object Repository/Perolehan/002 Penyedia_RekodBaru/005 Rekod Baru Inden Kerja/input_kuantiti'

2019-03-19 12:30:10 - [MESSAGE][PASSED] - Text '7' is set on object 'Object Repository/Perolehan/002 Penyedia_RekodBaru/005 Rekod Baru Inden Kerja/input_kuantiti'

2019-03-19 12:30:10 - [TEST_STEP][PASSED] - setText(findTestObject("Perolehan/002 Penyedia_RekodBaru/005 Rekod Baru Inden Kerja/input_harga_seunit"), "1.58"): Text '1.58' is set on object 'Object Repository/Perolehan/002 Penyedia_RekodBaru/005 Rekod Baru Inden Kerja/input_harga_seunit'

2019-03-19 12:30:10 - [MESSAGE][PASSED] - Text '1.58' is set on object 'Object Repository/Perolehan/002 Penyedia_RekodBaru/005 Rekod Baru Inden Kerja/input_harga_seunit'

2019-03-19 12:30:10 - [TEST_STEP][PASSED] - click(findTestObject("Perolehan/002 Penyedia_RekodBaru/005 Rekod Baru Inden Kerja/button_simpan_maklumat_terperinci")): Object: 'Object Repository/Perolehan/002 Penyedia_RekodBaru/005 Rekod Baru Inden Kerja/button_simpan_maklumat_terperinci' is clicked on

2019-03-19 12:30:10 - [MESSAGE][PASSED] - Object: 'Object Repository/Perolehan/002 Penyedia_RekodBaru/005 Rekod Baru Inden Kerja/button_simpan_maklumat_terperinci' is clicked on

2019-03-19 12:30:10 - [TEST_STEP][PASSED] - delay(3): Delayed 3 second(s)

2019-03-19 12:30:13 - [MESSAGE][PASSED] - Delayed 3 second(s)

2019-03-19 12:30:13 - [TEST_STEP][PASSED] - click(findTestObject("Perolehan/002 Penyedia_RekodBaru/005 Rekod Baru Inden Kerja/button_OK_peruntukan_mencukupi")): Object: 'Object Repository/Perolehan/002 Penyedia_RekodBaru/005 Rekod Baru Inden Kerja/button_OK_peruntukan_mencukupi' is clicked on

2019-03-19 12:30:13 - [MESSAGE][PASSED] - Object: 'Object Repository/Perolehan/002 Penyedia_RekodBaru/005 Rekod Baru Inden Kerja/button_OK_peruntukan_mencukupi' is clicked on

2019-03-19 12:30:13 - [TEST_STEP][PASSED] - delay(3): Delayed 3 second(s)

2019-03-19 12:30:16 - [MESSAGE][PASSED] - Delayed 3 second(s)

2019-03-19 12:30:16 - [TEST_STEP][PASSED] - click(findTestObject("Perolehan/002 Penyedia_RekodBaru/005 Rekod Baru Inden Kerja/button_Simpan")): Object: 'Object Repository/Perolehan/002 Penyedia_RekodBaru/005 Rekod Baru Inden Kerja/button_Simpan' is clicked on

2019-03-19 12:30:17 - [MESSAGE][PASSED] - Object: 'Object Repository/Perolehan/002 Penyedia_RekodBaru/005 Rekod Baru Inden Kerja/button_Simpan' is clicked on

2019-03-19 12:30:17 - [TEST_STEP][PASSED] - delay(3): Delayed 3 second(s)

2019-03-19 12:30:20 - [MESSAGE][PASSED] - Delayed 3 second(s)

2019-03-19 12:30:20 - [TEST_STEP][PASSED] - click(findTestObject("Perolehan/002 Penyedia_RekodBaru/005 Rekod Baru Inden Kerja/button_OK_rekod_berjaya_disimpan")): Object: 'Object Repository/Perolehan/002 Penyedia_RekodBaru/005 Rekod Baru Inden Kerja/button_OK_rekod_berjaya_disimpan' is clicked on

2019-03-19 12:30:20 - [MESSAGE][PASSED] - Object: 'Object Repository/Perolehan/002 Penyedia_RekodBaru/005 Rekod Baru Inden Kerja/button_OK_rekod_berjaya_disimpan' is clicked on

2019-03-19 12:30:20 - [TEST_STEP][PASSED] - click(findTestObject("Perolehan/002 Penyedia_RekodBaru/005 Rekod Baru Inden Kerja/button_Senarai_Semak")): Object: 'Object Repository/Perolehan/002 Penyedia_RekodBaru/005 Rekod Baru Inden Kerja/button_Senarai_Semak' is clicked on

2019-03-19 12:30:20 - [MESSAGE][PASSED] - Object: 'Object Repository/Perolehan/002 Penyedia_RekodBaru/005 Rekod Baru Inden Kerja/button_Senarai_Semak' is clicked on

2019-03-19 12:30:20 - [TEST_STEP][PASSED] - delay(3): Delayed 3 second(s)

2019-03-19 12:30:23 - [MESSAGE][PASSED] - Delayed 3 second(s)

2019-03-19 12:30:23 - [TEST_STEP][PASSED] - check(findTestObject("Perolehan/002 Penyedia_RekodBaru/005 Rekod Baru Inden Kerja/senarai_semak1")): Object 'Object Repository/Perolehan/002 Penyedia_RekodBaru/005 Rekod Baru Inden Kerja/senarai_semak1' is checked

2019-03-19 12:30:23 - [MESSAGE][PASSED] - Object 'Object Repository/Perolehan/002 Penyedia_RekodBaru/005 Rekod Baru Inden Kerja/senarai_semak1' is checked

2019-03-19 12:30:23 - [TEST_STEP][PASSED] - check(findTestObject("Perolehan/002 Penyedia_RekodBaru/005 Rekod Baru Inden Kerja/senarai_semak2")): Object 'Object Repository/Perolehan/002 Penyedia_RekodBaru/005 Rekod Baru Inden Kerja/senarai_semak2' is checked

2019-03-19 12:30:23 - [MESSAGE][PASSED] - Object 'Object Repository/Perolehan/002 Penyedia_RekodBaru/005 Rekod Baru Inden Kerja/senarai_semak2' is checked

2019-03-19 12:30:23 - [TEST_STEP][PASSED] - check(findTestObject("Perolehan/002 Penyedia_RekodBaru/005 Rekod Baru Inden Kerja/senarai_semak3")): Object 'Object Repository/Perolehan/002 Penyedia_RekodBaru/005 Rekod Baru Inden Kerja/senarai_semak3' is checked

2019-03-19 12:30:23 - [MESSAGE][PASSED] - Object 'Object Repository/Perolehan/002 Penyedia_RekodBaru/005 Rekod Baru Inden Kerja/senarai_semak3' is checked

2019-03-19 12:30:23 - [TEST_STEP][PASSED] - click(findTestObject("Perolehan/002 Penyedia_RekodBaru/005 Rekod Baru Inden Kerja/button_simpan_senarai_semak")): Object: 'Object Repository/Perolehan/002 Penyedia_RekodBaru/005 Rekod Baru Inden Kerja/button_simpan_senarai_semak' is clicked on

2019-03-19 12:30:23 - [MESSAGE][PASSED] - Object: 'Object Repository/Perolehan/002 Penyedia_RekodBaru/005 Rekod Baru Inden Kerja/button_simpan_senarai_semak' is clicked on

2019-03-19 12:30:23 - [TEST_STEP][PASSED] - click(findTestObject("Perolehan/002 Penyedia_RekodBaru/005 Rekod Baru Inden Kerja/button_OK_maklumat_berjaya_disimpan")): Object: 'Object Repository/Perolehan/002 Penyedia_RekodBaru/005 Rekod Baru Inden Kerja/button_OK_maklumat_berjaya_disimpan' is clicked on

2019-03-19 12:30:24 - [MESSAGE][PASSED] - Object: 'Object Repository/Perolehan/002 Penyedia_RekodBaru/005 Rekod Baru Inden Kerja/button_OK_maklumat_berjaya_disimpan' is clicked on

2019-03-19 12:30:24 - [TEST_STEP][PASSED] - click(findTestObject("Perolehan/002 Penyedia_RekodBaru/005 Rekod Baru Inden Kerja/button_X_close_senarai_semak")): Object: 'Object Repository/Perolehan/002 Penyedia_RekodBaru/005 Rekod Baru Inden Kerja/button_X_close_senarai_semak' is clicked on

2019-03-19 12:30:24 - [MESSAGE][PASSED] - Object: 'Object Repository/Perolehan/002 Penyedia_RekodBaru/005 Rekod Baru Inden Kerja/button_X_close_senarai_semak' is clicked on

2019-03-19 12:30:24 - [TEST_STEP][PASSED] - Total = getText(findTestObject("Perolehan/002 Penyedia_RekodBaru/0022 Sah_Simpan/TotalAmaunPT")): Text of object 'Object Repository/Perolehan/002 Penyedia_RekodBaru/0022 Sah_Simpan/TotalAmaunPT' is: '11.06'

2019-03-19 12:30:24 - [MESSAGE][PASSED] - Text of object 'Object Repository/Perolehan/002 Penyedia_RekodBaru/0022 Sah_Simpan/TotalAmaunPT' is: '11.06'

2019-03-19 12:30:24 - [TEST_STEP][PASSED] - println(Total): null

2019-03-19 12:30:24 - [TEST_STEP][PASSED] - TotalAmaunPT = Total: null

2019-03-19 12:30:24 - [TEST_STEP][PASSED] - click(findTestObject("Perolehan/002 Penyedia_RekodBaru/005 Rekod Baru Inden Kerja/button_sah_simpan")): Object: 'Object Repository/Perolehan/002 Penyedia_RekodBaru/005 Rekod Baru Inden Kerja/button_sah_simpan' is clicked on

2019-03-19 12:30:24 - [MESSAGE][PASSED] - Object: 'Object Repository/Perolehan/002 Penyedia_RekodBaru/005 Rekod Baru Inden Kerja/button_sah_simpan' is clicked on

2019-03-19 12:30:24 - [TEST_STEP][PASSED] - click(findTestObject("Perolehan/002 Penyedia_RekodBaru/005 Rekod Baru Inden Kerja/button_Ya_Sah_Simpan")): Object: 'Object Repository/Perolehan/002 Penyedia_RekodBaru/005 Rekod Baru Inden Kerja/button_Ya_Sah_Simpan' is clicked on

2019-03-19 12:30:24 - [MESSAGE][PASSED] - Object: 'Object Repository/Perolehan/002 Penyedia_RekodBaru/005 Rekod Baru Inden Kerja/button_Ya_Sah_Simpan' is clicked on

2019-03-19 12:30:24 - [TEST_STEP][PASSED] - PTRekodberjayaID = getText(findTestObject("Perolehan/002 Penyedia_RekodBaru/005 Rekod Baru Inden Kerja/Rekod_berjaya_No_Rekod")): Text of object 'Object Repository/Perolehan/002 Penyedia_RekodBaru/005 Rekod Baru Inden Kerja/Rekod_berjaya_No_Rekod' is: 'Rekod Telah Berjaya Di Sah Simpan. [ NO REKOD :19DAIK030100060 ]
Ok'

2019-03-19 12:30:25 - [MESSAGE][PASSED] - Text of object 'Object Repository/Perolehan/002 Penyedia_RekodBaru/005 Rekod Baru Inden Kerja/Rekod_berjaya_No_Rekod' is: 'Rekod Telah Berjaya Di Sah Simpan. [ NO REKOD :19DAIK030100060 ]
Ok'

2019-03-19 12:30:25 - [TEST_STEP][PASSED] - println(PTRekodberjayaID): null

2019-03-19 12:30:25 - [TEST_STEP][PASSED] - PTRekodID = PTRekodberjayaID[(47..61)]: null

2019-03-19 12:30:25 - [TEST_STEP][PASSED] - println(PTRekodID): null

2019-03-19 12:30:25 - [TEST_STEP][PASSED] - PesananTempatanRekodID = PTRekodID: null

2019-03-19 12:30:25 - [TEST_STEP][PASSED] - delay(3): Delayed 3 second(s)

2019-03-19 12:30:28 - [MESSAGE][PASSED] - Delayed 3 second(s)

2019-03-19 12:30:28 - [TEST_STEP][PASSED] - takeScreenshot(): Taking screenshot successfully

2019-03-19 12:30:28 - [MESSAGE][PASSED] - Taking screenshot successfully
[[ATTACHMENT|C:\\Users\\Consultant_MSPHitect\\Katalon Studio\\TrainingonKatalon\\Reports\\Perolehan\\03 Inden Kerja Cara Bayaran EFT Dengan Pemfaktoran\\20190319_115557\\1552969828510.png]]

2019-03-19 12:30:28 - [TEST_STEP][PASSED] - click(findTestObject("Perolehan/002 Penyedia_RekodBaru/005 Rekod Baru Inden Kerja/button_OK_berjaya_disah_simpan")): Object: 'Object Repository/Perolehan/002 Penyedia_RekodBaru/005 Rekod Baru Inden Kerja/button_OK_berjaya_disah_simpan' is clicked on

2019-03-19 12:30:28 - [MESSAGE][PASSED] - Object: 'Object Repository/Perolehan/002 Penyedia_RekodBaru/005 Rekod Baru Inden Kerja/button_OK_berjaya_disah_simpan' is clicked on

2019-03-19 12:30:28 - [TEST_STEP][PASSED] - closeBrowser(): Browser is closed

2019-03-19 12:30:29 - [MESSAGE][PASSED] - Browser is closed]]></system-out>
         <system-err><![CDATA[]]></system-err>
      </testcase>
      <testcase name="Test Cases/Perolehan/003 Pengesahan Pesanan Tempatan/Pengesahan" classname="Test Cases/Perolehan/003 Pengesahan Pesanan Tempatan/Pengesahan" status="PASSED">
         <system-out><![CDATA[2019-03-19 12:30:29 - [TEST_CASE][PASSED] - Test Cases/Perolehan/003 Pengesahan Pesanan Tempatan/Pengesahan: Test Cases/Perolehan/003 Pengesahan Pesanan Tempatan/Pengesahan

2019-03-19 12:30:29 - [TEST_STEP][PASSED] - reusablefunctions.reusablefunctions.openbrowser(): reusablefunctions.reusablefunctions.openbrowser is PASSED

2019-03-19 12:30:29 - [MESSAGE][INFO] - Starting 'Chrome' driver

2019-03-19 12:30:32 - [MESSAGE][PASSED] - Browser is opened with url: 'https://175.143.52.101:7011/1SPEKSv2/'

2019-03-19 12:30:32 - [MESSAGE][PASSED] - reusablefunctions.reusablefunctions.openbrowser is PASSED

2019-03-19 12:30:32 - [TEST_STEP][PASSED] - reusablefunctions.reusablefunctions.Login(findTestData("ispekstestdata").getValue(1, 2), findTestData("ispekstestdata").getValue(2, 2)): reusablefunctions.reusablefunctions.Login is PASSED

2019-03-19 12:30:33 - [MESSAGE][PASSED] - Text '601101955194' is set on object 'Object Repository/Login/input_NoKadPengenalan'

2019-03-19 12:30:33 - [MESSAGE][PASSED] - Text ****** has been set on object 'Object Repository/Login/input_Password'

2019-03-19 12:30:38 - [MESSAGE][PASSED] - Object: 'Object Repository/Login/input_ButtonLogMasuk' is clicked on

2019-03-19 12:30:48 - [MESSAGE][PASSED] - Delayed 10 second(s)

2019-03-19 12:30:48 - [MESSAGE][PASSED] - reusablefunctions.reusablefunctions.Login is PASSED

2019-03-19 12:30:48 - [TEST_STEP][PASSED] - reusablefunctions.reusablefunctions.PerananPengesahBN(): reusablefunctions.reusablefunctions.PerananPengesahBN is PASSED

2019-03-19 12:30:48 - [MESSAGE][PASSED] - Object: 'Object Repository/Perolehan/TukarPeranan/IconTukarPeranan' is clicked on

2019-03-19 12:30:48 - [MESSAGE][PASSED] - Object: 'Object Repository/Perolehan/TukarPeranan/input_TukarPengesahBN' is clicked on

2019-03-19 12:30:48 - [MESSAGE][PASSED] - Object: 'Object Repository/Perolehan/TukarPeranan/button_Ya' is clicked on

2019-03-19 12:31:08 - [MESSAGE][PASSED] - Delayed 20 second(s)

2019-03-19 12:31:11 - [MESSAGE][PASSED] - Text 'Peranan : [Pengesah] Peringkat : [BN]' is present on page 

2019-03-19 12:31:11 - [MESSAGE][PASSED] - reusablefunctions.reusablefunctions.PerananPengesahBN is PASSED

2019-03-19 12:31:11 - [TEST_STEP][PASSED] - doubleClick(findTestObject("Perolehan/003 Pengesah/Dashboard_To_Sah")): Object: 'Object Repository/Perolehan/003 Pengesah/Dashboard_To_Sah' is double clicked on

2019-03-19 12:31:11 - [MESSAGE][PASSED] - Object: 'Object Repository/Perolehan/003 Pengesah/Dashboard_To_Sah' is double clicked on

2019-03-19 12:31:11 - [TEST_STEP][PASSED] - delay(3): Delayed 3 second(s)

2019-03-19 12:31:14 - [MESSAGE][PASSED] - Delayed 3 second(s)

2019-03-19 12:31:14 - [TEST_STEP][PASSED] - setText(findTestObject("Perolehan/003 Pengesah/input_No_Rekod"), PesananTempatanRekodID): Text '19DAIK030100060' is set on object 'Object Repository/Perolehan/003 Pengesah/input_No_Rekod'

2019-03-19 12:31:14 - [MESSAGE][PASSED] - Text '19DAIK030100060' is set on object 'Object Repository/Perolehan/003 Pengesah/input_No_Rekod'

2019-03-19 12:31:14 - [TEST_STEP][PASSED] - doubleClick(findTestObject("Perolehan/003 Pengesah/Senarai_Tugas_Item_No_1", ["text":PesananTempatanRekodID])): Object: 'Object Repository/Perolehan/003 Pengesah/Senarai_Tugas_Item_No_1' is double clicked on

2019-03-19 12:31:15 - [MESSAGE][PASSED] - Object: 'Object Repository/Perolehan/003 Pengesah/Senarai_Tugas_Item_No_1' is double clicked on

2019-03-19 12:31:15 - [TEST_STEP][PASSED] - delay(3): Delayed 3 second(s)

2019-03-19 12:31:18 - [MESSAGE][PASSED] - Delayed 3 second(s)

2019-03-19 12:31:18 - [TEST_STEP][PASSED] - mydate = new java.util.Date(): null

2019-03-19 12:31:18 - [TEST_STEP][PASSED] - formattedDate = mydate.format("dd/MM/yyyy"): null

2019-03-19 12:31:18 - [TEST_STEP][PASSED] - formattedYear = mydate.format("yyyy"): null

2019-03-19 12:31:18 - [TEST_STEP][PASSED] - println(formattedDate): null

2019-03-19 12:31:18 - [TEST_STEP][PASSED] - println(formattedYear): null

2019-03-19 12:31:18 - [TEST_STEP][PASSED] - TahunKewangan = getText(findTestObject("Perolehan/003 Pengesah/Label_tahun_kewangan")): Text of object 'Object Repository/Perolehan/003 Pengesah/Label_tahun_kewangan' is: '2019'

2019-03-19 12:31:18 - [MESSAGE][PASSED] - Text of object 'Object Repository/Perolehan/003 Pengesah/Label_tahun_kewangan' is: '2019'

2019-03-19 12:31:18 - [TEST_STEP][PASSED] - verifyMatch(TahunKewangan, formattedYear, false): Actual text '2019' and expected text '2019' are matched 

2019-03-19 12:31:18 - [MESSAGE][PASSED] - Actual text '2019' and expected text '2019' are matched 

2019-03-19 12:31:18 - [TEST_STEP][PASSED] - TarikhSemasa = getText(findTestObject("Perolehan/003 Pengesah/Label_Tarikh_semasa")): Text of object 'Object Repository/Perolehan/003 Pengesah/Label_Tarikh_semasa' is: '19/03/2019'

2019-03-19 12:31:18 - [MESSAGE][PASSED] - Text of object 'Object Repository/Perolehan/003 Pengesah/Label_Tarikh_semasa' is: '19/03/2019'

2019-03-19 12:31:18 - [TEST_STEP][PASSED] - verifyMatch(TarikhSemasa, formattedDate, false): Actual text '19/03/2019' and expected text '19/03/2019' are matched 

2019-03-19 12:31:18 - [MESSAGE][PASSED] - Actual text '19/03/2019' and expected text '19/03/2019' are matched 

2019-03-19 12:31:18 - [TEST_STEP][PASSED] - delay(3): Delayed 3 second(s)

2019-03-19 12:31:21 - [MESSAGE][PASSED] - Delayed 3 second(s)

2019-03-19 12:31:21 - [TEST_STEP][PASSED] - jumlah = getText(findTestObject("Perolehan/003 Pengesah/label_Jumlah_pesanan_tempatan")): Text of object 'Object Repository/Perolehan/003 Pengesah/label_Jumlah_pesanan_tempatan' is: '11.06'

2019-03-19 12:31:21 - [MESSAGE][PASSED] - Text of object 'Object Repository/Perolehan/003 Pengesah/label_Jumlah_pesanan_tempatan' is: '11.06'

2019-03-19 12:31:21 - [TEST_STEP][PASSED] - println(jumlah): null

2019-03-19 12:31:21 - [TEST_STEP][PASSED] - verifyMatch(jumlah, TotalAmaunPT, false): Actual text '11.06' and expected text '11.06' are matched 

2019-03-19 12:31:21 - [MESSAGE][PASSED] - Actual text '11.06' and expected text '11.06' are matched 

2019-03-19 12:31:21 - [TEST_STEP][PASSED] - click(findTestObject("Perolehan/003 Pengesah/button_sah")): Object: 'Object Repository/Perolehan/003 Pengesah/button_sah' is clicked on

2019-03-19 12:31:21 - [MESSAGE][PASSED] - Object: 'Object Repository/Perolehan/003 Pengesah/button_sah' is clicked on

2019-03-19 12:31:21 - [TEST_STEP][PASSED] - delay(3): Delayed 3 second(s)

2019-03-19 12:31:24 - [MESSAGE][PASSED] - Delayed 3 second(s)

2019-03-19 12:31:24 - [TEST_STEP][PASSED] - click(findTestObject("Perolehan/003 Pengesah/Button_ya_sahkan")): Object: 'Object Repository/Perolehan/003 Pengesah/Button_ya_sahkan' is clicked on

2019-03-19 12:31:24 - [MESSAGE][PASSED] - Object: 'Object Repository/Perolehan/003 Pengesah/Button_ya_sahkan' is clicked on

2019-03-19 12:31:24 - [TEST_STEP][PASSED] - delay(5): Delayed 5 second(s)

2019-03-19 12:31:29 - [MESSAGE][PASSED] - Delayed 5 second(s)

2019-03-19 12:31:29 - [TEST_STEP][PASSED] - waitForElementClickable(findTestObject("Perolehan/003 Pengesah/button_OK_berjaya_disah"), 60): Object 'Object Repository/Perolehan/003 Pengesah/button_OK_berjaya_disah' is clickable

2019-03-19 12:31:29 - [MESSAGE][PASSED] - Object 'Object Repository/Perolehan/003 Pengesah/button_OK_berjaya_disah' is clickable

2019-03-19 12:31:29 - [TEST_STEP][PASSED] - delay(5): Delayed 5 second(s)

2019-03-19 12:31:34 - [MESSAGE][PASSED] - Delayed 5 second(s)

2019-03-19 12:31:34 - [TEST_STEP][PASSED] - click(findTestObject("Perolehan/003 Pengesah/button_OK_berjaya_disah")): Object: 'Object Repository/Perolehan/003 Pengesah/button_OK_berjaya_disah' is clicked on

2019-03-19 12:31:34 - [MESSAGE][PASSED] - Object: 'Object Repository/Perolehan/003 Pengesah/button_OK_berjaya_disah' is clicked on

2019-03-19 12:31:34 - [TEST_STEP][PASSED] - closeBrowser(): Browser is closed

2019-03-19 12:31:35 - [MESSAGE][PASSED] - Browser is closed]]></system-out>
         <system-err><![CDATA[]]></system-err>
      </testcase>
      <testcase name="Test Cases/Perolehan/004 Pelulus Pesanan Tempatan/Pelulus" classname="Test Cases/Perolehan/004 Pelulus Pesanan Tempatan/Pelulus" status="PASSED">
         <system-out><![CDATA[2019-03-19 12:31:35 - [TEST_CASE][PASSED] - Test Cases/Perolehan/004 Pelulus Pesanan Tempatan/Pelulus: Test Cases/Perolehan/004 Pelulus Pesanan Tempatan/Pelulus

2019-03-19 12:31:35 - [TEST_STEP][PASSED] - reusablefunctions.reusablefunctions.openbrowser(): reusablefunctions.reusablefunctions.openbrowser is PASSED

2019-03-19 12:31:35 - [MESSAGE][INFO] - Starting 'Chrome' driver

2019-03-19 12:31:39 - [MESSAGE][PASSED] - Browser is opened with url: 'https://175.143.52.101:7011/1SPEKSv2/'

2019-03-19 12:31:39 - [MESSAGE][PASSED] - reusablefunctions.reusablefunctions.openbrowser is PASSED

2019-03-19 12:31:39 - [TEST_STEP][PASSED] - reusablefunctions.reusablefunctions.Login(findTestData("ispekstestdata").getValue(1, 2), findTestData("ispekstestdata").getValue(2, 2)): reusablefunctions.reusablefunctions.Login is PASSED

2019-03-19 12:31:39 - [MESSAGE][PASSED] - Text '601101955194' is set on object 'Object Repository/Login/input_NoKadPengenalan'

2019-03-19 12:31:39 - [MESSAGE][PASSED] - Text ****** has been set on object 'Object Repository/Login/input_Password'

2019-03-19 12:31:47 - [MESSAGE][PASSED] - Object: 'Object Repository/Login/input_ButtonLogMasuk' is clicked on

2019-03-19 12:31:57 - [MESSAGE][PASSED] - Delayed 10 second(s)

2019-03-19 12:31:57 - [MESSAGE][PASSED] - reusablefunctions.reusablefunctions.Login is PASSED

2019-03-19 12:31:57 - [TEST_STEP][PASSED] - reusablefunctions.reusablefunctions.PerananPelulusPTJ(): reusablefunctions.reusablefunctions.PerananPelulusPTJ is PASSED

2019-03-19 12:31:57 - [MESSAGE][PASSED] - Object: 'Object Repository/Perolehan/TukarPeranan/IconTukarPeranan' is clicked on

2019-03-19 12:31:57 - [MESSAGE][PASSED] - Object: 'Object Repository/Perolehan/TukarPeranan/input_TukarPelulusPTJ' is clicked on

2019-03-19 12:31:57 - [MESSAGE][PASSED] - Object: 'Object Repository/Perolehan/TukarPeranan/button_Ya' is clicked on

2019-03-19 12:32:17 - [MESSAGE][PASSED] - Delayed 20 second(s)

2019-03-19 12:32:20 - [MESSAGE][PASSED] - Text 'Peranan : [Pelulus] Peringkat : [PTJ]' is present on page 

2019-03-19 12:32:20 - [MESSAGE][PASSED] - reusablefunctions.reusablefunctions.PerananPelulusPTJ is PASSED

2019-03-19 12:32:20 - [TEST_STEP][PASSED] - doubleClick(findTestObject("Perolehan/004 Pelulus/Dashboard_To_Lulus")): Object: 'Object Repository/Perolehan/004 Pelulus/Dashboard_To_Lulus' is double clicked on

2019-03-19 12:32:20 - [MESSAGE][PASSED] - Object: 'Object Repository/Perolehan/004 Pelulus/Dashboard_To_Lulus' is double clicked on

2019-03-19 12:32:20 - [TEST_STEP][PASSED] - delay(3): Delayed 3 second(s)

2019-03-19 12:32:23 - [MESSAGE][PASSED] - Delayed 3 second(s)

2019-03-19 12:32:23 - [TEST_STEP][PASSED] - setText(findTestObject("Perolehan/004 Pelulus/input_No_Rekod"), PesananTempatanRekodID): Text '19DAIK030100060' is set on object 'Object Repository/Perolehan/004 Pelulus/input_No_Rekod'

2019-03-19 12:32:23 - [MESSAGE][PASSED] - Text '19DAIK030100060' is set on object 'Object Repository/Perolehan/004 Pelulus/input_No_Rekod'

2019-03-19 12:32:23 - [TEST_STEP][PASSED] - doubleClick(findTestObject("Perolehan/004 Pelulus/Senarai_Tugas_Item_No_1", ["text":PesananTempatanRekodID])): Object: 'Object Repository/Perolehan/004 Pelulus/Senarai_Tugas_Item_No_1' is double clicked on

2019-03-19 12:32:23 - [MESSAGE][PASSED] - Object: 'Object Repository/Perolehan/004 Pelulus/Senarai_Tugas_Item_No_1' is double clicked on

2019-03-19 12:32:23 - [TEST_STEP][PASSED] - delay(3): Delayed 3 second(s)

2019-03-19 12:32:26 - [MESSAGE][PASSED] - Delayed 3 second(s)

2019-03-19 12:32:26 - [TEST_STEP][PASSED] - mydate = new java.util.Date(): null

2019-03-19 12:32:26 - [TEST_STEP][PASSED] - formattedDate = mydate.format("dd/MM/yyyy"): null

2019-03-19 12:32:26 - [TEST_STEP][PASSED] - formattedYear = mydate.format("yyyy"): null

2019-03-19 12:32:26 - [TEST_STEP][PASSED] - println(formattedDate): null

2019-03-19 12:32:26 - [TEST_STEP][PASSED] - println(formattedYear): null

2019-03-19 12:32:26 - [TEST_STEP][PASSED] - TahunKewangan = getText(findTestObject("Perolehan/003 Pengesah/Label_tahun_kewangan")): Text of object 'Object Repository/Perolehan/003 Pengesah/Label_tahun_kewangan' is: '2019'

2019-03-19 12:32:27 - [MESSAGE][PASSED] - Text of object 'Object Repository/Perolehan/003 Pengesah/Label_tahun_kewangan' is: '2019'

2019-03-19 12:32:27 - [TEST_STEP][PASSED] - verifyMatch(TahunKewangan, formattedYear, false): Actual text '2019' and expected text '2019' are matched 

2019-03-19 12:32:27 - [MESSAGE][PASSED] - Actual text '2019' and expected text '2019' are matched 

2019-03-19 12:32:27 - [TEST_STEP][PASSED] - TarikhSemasa = getText(findTestObject("Perolehan/003 Pengesah/Label_Tarikh_semasa")): Text of object 'Object Repository/Perolehan/003 Pengesah/Label_Tarikh_semasa' is: '19/03/2019'

2019-03-19 12:32:27 - [MESSAGE][PASSED] - Text of object 'Object Repository/Perolehan/003 Pengesah/Label_Tarikh_semasa' is: '19/03/2019'

2019-03-19 12:32:27 - [TEST_STEP][PASSED] - verifyMatch(TarikhSemasa, formattedDate, false): Actual text '19/03/2019' and expected text '19/03/2019' are matched 

2019-03-19 12:32:27 - [MESSAGE][PASSED] - Actual text '19/03/2019' and expected text '19/03/2019' are matched 

2019-03-19 12:32:27 - [TEST_STEP][PASSED] - delay(20): Delayed 20 second(s)

2019-03-19 12:32:47 - [MESSAGE][PASSED] - Delayed 20 second(s)

2019-03-19 12:32:47 - [TEST_STEP][PASSED] - jumlah = getText(findTestObject("Perolehan/003 Pengesah/label_Jumlah_pesanan_tempatan")): Text of object 'Object Repository/Perolehan/003 Pengesah/label_Jumlah_pesanan_tempatan' is: '11.06'

2019-03-19 12:32:47 - [MESSAGE][PASSED] - Text of object 'Object Repository/Perolehan/003 Pengesah/label_Jumlah_pesanan_tempatan' is: '11.06'

2019-03-19 12:32:47 - [TEST_STEP][PASSED] - delay(3): Delayed 3 second(s)

2019-03-19 12:32:50 - [MESSAGE][PASSED] - Delayed 3 second(s)

2019-03-19 12:32:50 - [TEST_STEP][PASSED] - println(jumlah): null

2019-03-19 12:32:50 - [TEST_STEP][PASSED] - verifyMatch(jumlah, TotalAmaunPT, false): Actual text '11.06' and expected text '11.06' are matched 

2019-03-19 12:32:50 - [MESSAGE][PASSED] - Actual text '11.06' and expected text '11.06' are matched 

2019-03-19 12:32:50 - [TEST_STEP][PASSED] - click(findTestObject("Perolehan/004 Pelulus/button_Lulus")): Object: 'Object Repository/Perolehan/004 Pelulus/button_Lulus' is clicked on

2019-03-19 12:32:50 - [MESSAGE][PASSED] - Object: 'Object Repository/Perolehan/004 Pelulus/button_Lulus' is clicked on

2019-03-19 12:32:50 - [TEST_STEP][PASSED] - click(findTestObject("Perolehan/004 Pelulus/button_ya_luluskan")): Object: 'Object Repository/Perolehan/004 Pelulus/button_ya_luluskan' is clicked on

2019-03-19 12:32:50 - [MESSAGE][PASSED] - Object: 'Object Repository/Perolehan/004 Pelulus/button_ya_luluskan' is clicked on

2019-03-19 12:32:50 - [TEST_STEP][PASSED] - delay(8): Delayed 8 second(s)

2019-03-19 12:32:58 - [MESSAGE][PASSED] - Delayed 8 second(s)

2019-03-19 12:32:58 - [TEST_STEP][PASSED] - waitForElementClickable(findTestObject("Perolehan/004 Pelulus/button_OK_Berjaya_lulus"), 180): Object 'Object Repository/Perolehan/004 Pelulus/button_OK_Berjaya_lulus' is clickable

2019-03-19 12:32:58 - [MESSAGE][PASSED] - Object 'Object Repository/Perolehan/004 Pelulus/button_OK_Berjaya_lulus' is clickable

2019-03-19 12:32:58 - [TEST_STEP][PASSED] - RekodBerjayaLulus = getText(findTestObject("Perolehan/004 Pelulus/RekodBerjayaLulus")): Text of object 'Object Repository/Perolehan/004 Pelulus/RekodBerjayaLulus' is: 'Rekod Telah Berjaya Diluluskan. [ NO DOKUMEN :19DAIK0300046 ]
Ok'

2019-03-19 12:32:58 - [MESSAGE][PASSED] - Text of object 'Object Repository/Perolehan/004 Pelulus/RekodBerjayaLulus' is: 'Rekod Telah Berjaya Diluluskan. [ NO DOKUMEN :19DAIK0300046 ]
Ok'

2019-03-19 12:32:58 - [TEST_STEP][PASSED] - println(RekodBerjayaLulus): null

2019-03-19 12:32:58 - [TEST_STEP][PASSED] - PTDokumenID = RekodBerjayaLulus[(46..58)]: null

2019-03-19 12:32:58 - [TEST_STEP][PASSED] - println(PTDokumenID): null

2019-03-19 12:32:58 - [TEST_STEP][PASSED] - PesananTempatanDokumenID = PTDokumenID: null

2019-03-19 12:32:58 - [TEST_STEP][PASSED] - delay(3): Delayed 3 second(s)

2019-03-19 12:33:01 - [MESSAGE][PASSED] - Delayed 3 second(s)

2019-03-19 12:33:01 - [TEST_STEP][PASSED] - click(findTestObject("Perolehan/004 Pelulus/button_OK_Berjaya_lulus")): Object: 'Object Repository/Perolehan/004 Pelulus/button_OK_Berjaya_lulus' is clicked on

2019-03-19 12:33:01 - [MESSAGE][PASSED] - Object: 'Object Repository/Perolehan/004 Pelulus/button_OK_Berjaya_lulus' is clicked on

2019-03-19 12:33:01 - [TEST_STEP][PASSED] - closeBrowser(): Browser is closed

2019-03-19 12:33:02 - [MESSAGE][PASSED] - Browser is closed]]></system-out>
         <system-err><![CDATA[]]></system-err>
      </testcase>
      <testcase name="Test Cases/Perolehan/005 Terimaan Barang Perkhidmatan/003 Proses Kemasukan Inden Kerja - EFT" classname="Test Cases/Perolehan/005 Terimaan Barang Perkhidmatan/003 Proses Kemasukan Inden Kerja - EFT" status="PASSED">
         <system-out><![CDATA[2019-03-19 12:33:02 - [TEST_CASE][PASSED] - Test Cases/Perolehan/005 Terimaan Barang Perkhidmatan/003 Proses Kemasukan Inden Kerja - EFT: Test Cases/Perolehan/005 Terimaan Barang Perkhidmatan/003 Proses Kemasukan Inden Kerja - EFT

2019-03-19 12:33:02 - [TEST_STEP][PASSED] - reusablefunctions.reusablefunctions.openbrowser(): reusablefunctions.reusablefunctions.openbrowser is PASSED

2019-03-19 12:33:02 - [MESSAGE][INFO] - Starting 'Chrome' driver

2019-03-19 12:33:05 - [MESSAGE][PASSED] - Browser is opened with url: 'https://175.143.52.101:7011/1SPEKSv2/'

2019-03-19 12:33:05 - [MESSAGE][PASSED] - reusablefunctions.reusablefunctions.openbrowser is PASSED

2019-03-19 12:33:05 - [TEST_STEP][PASSED] - reusablefunctions.reusablefunctions.Login(findTestData("ispekstestdata").getValue(1, 2), findTestData("ispekstestdata").getValue(2, 2)): reusablefunctions.reusablefunctions.Login is PASSED

2019-03-19 12:33:05 - [MESSAGE][PASSED] - Text '601101955194' is set on object 'Object Repository/Login/input_NoKadPengenalan'

2019-03-19 12:33:05 - [MESSAGE][PASSED] - Text ****** has been set on object 'Object Repository/Login/input_Password'

2019-03-19 12:33:12 - [MESSAGE][PASSED] - Object: 'Object Repository/Login/input_ButtonLogMasuk' is clicked on

2019-03-19 12:33:22 - [MESSAGE][PASSED] - Delayed 10 second(s)

2019-03-19 12:33:22 - [MESSAGE][PASSED] - reusablefunctions.reusablefunctions.Login is PASSED

2019-03-19 12:33:22 - [TEST_STEP][PASSED] - reusablefunctions.reusablefunctions.PerananPenyediaPTJ(): reusablefunctions.reusablefunctions.PerananPenyediaPTJ is PASSED

2019-03-19 12:33:22 - [MESSAGE][PASSED] - Object: 'Object Repository/Perolehan/TukarPeranan/IconTukarPeranan' is clicked on

2019-03-19 12:33:22 - [MESSAGE][PASSED] - Object: 'Object Repository/Perolehan/TukarPeranan/input_TukarPenyediaPTJ' is clicked on

2019-03-19 12:33:22 - [MESSAGE][PASSED] - Object: 'Object Repository/Perolehan/TukarPeranan/button_Ya' is clicked on

2019-03-19 12:33:42 - [MESSAGE][PASSED] - Delayed 20 second(s)

2019-03-19 12:33:45 - [MESSAGE][PASSED] - Text 'Peranan : [Penyedia] Peringkat : [PTJ]' is present on page 

2019-03-19 12:33:45 - [MESSAGE][PASSED] - reusablefunctions.reusablefunctions.PerananPenyediaPTJ is PASSED

2019-03-19 12:33:45 - [TEST_STEP][PASSED] - click(findTestObject("Perolehan/001 Left_Menu_Selection/a_ExpandMenuonLeft")): Object: 'Object Repository/Perolehan/001 Left_Menu_Selection/a_ExpandMenuonLeft' is clicked on

2019-03-19 12:33:45 - [MESSAGE][PASSED] - Object: 'Object Repository/Perolehan/001 Left_Menu_Selection/a_ExpandMenuonLeft' is clicked on

2019-03-19 12:33:45 - [TEST_STEP][PASSED] - delay(3, STOP_ON_FAILURE): Delayed 3 second(s)

2019-03-19 12:33:48 - [MESSAGE][PASSED] - Delayed 3 second(s)

2019-03-19 12:33:48 - [TEST_STEP][PASSED] - click(findTestObject("Perolehan/001 Left_Menu_Selection/div_ClickonPerolehan")): Object: 'Object Repository/Perolehan/001 Left_Menu_Selection/div_ClickonPerolehan' is clicked on

2019-03-19 12:33:48 - [MESSAGE][PASSED] - Object: 'Object Repository/Perolehan/001 Left_Menu_Selection/div_ClickonPerolehan' is clicked on

2019-03-19 12:33:48 - [TEST_STEP][PASSED] - delay(3, STOP_ON_FAILURE): Delayed 3 second(s)

2019-03-19 12:33:51 - [MESSAGE][PASSED] - Delayed 3 second(s)

2019-03-19 12:33:51 - [TEST_STEP][PASSED] - click(findTestObject("Perolehan/001 Left_Menu_Selection/div_Kemasukan_Terimaan_Barang")): Object: 'Object Repository/Perolehan/001 Left_Menu_Selection/div_Kemasukan_Terimaan_Barang' is clicked on

2019-03-19 12:33:51 - [MESSAGE][PASSED] - Object: 'Object Repository/Perolehan/001 Left_Menu_Selection/div_Kemasukan_Terimaan_Barang' is clicked on

2019-03-19 12:33:51 - [TEST_STEP][PASSED] - assert true: null

2019-03-19 12:33:51 - [TEST_STEP][PASSED] - delay(3): Delayed 3 second(s)

2019-03-19 12:33:54 - [MESSAGE][PASSED] - Delayed 3 second(s)

2019-03-19 12:33:54 - [TEST_STEP][PASSED] - click(findTestObject("Perolehan/005 Kemasukan Terimaan/button_REKOD BARU")): Object: 'Object Repository/Perolehan/005 Kemasukan Terimaan/button_REKOD BARU' is clicked on

2019-03-19 12:33:54 - [MESSAGE][PASSED] - Object: 'Object Repository/Perolehan/005 Kemasukan Terimaan/button_REKOD BARU' is clicked on

2019-03-19 12:33:54 - [TEST_STEP][PASSED] - delay(3): Delayed 3 second(s)

2019-03-19 12:33:57 - [MESSAGE][PASSED] - Delayed 3 second(s)

2019-03-19 12:33:57 - [TEST_STEP][PASSED] - click(findTestObject("Perolehan/005 Kemasukan Terimaan/Drop_down_No_Dokumen")): Object: 'Object Repository/Perolehan/005 Kemasukan Terimaan/Drop_down_No_Dokumen' is clicked on

2019-03-19 12:33:57 - [MESSAGE][PASSED] - Object: 'Object Repository/Perolehan/005 Kemasukan Terimaan/Drop_down_No_Dokumen' is clicked on

2019-03-19 12:33:57 - [TEST_STEP][PASSED] - delay(3): Delayed 3 second(s)

2019-03-19 12:34:00 - [MESSAGE][PASSED] - Delayed 3 second(s)

2019-03-19 12:34:01 - [TEST_STEP][PASSED] - setText(findTestObject("Perolehan/005 Kemasukan Terimaan/input_No_Dokumen_value"), PesananTempatanDokumenID): Text '19DAIK0300046' is set on object 'Object Repository/Perolehan/005 Kemasukan Terimaan/input_No_Dokumen_value'

2019-03-19 12:34:01 - [MESSAGE][PASSED] - Text '19DAIK0300046' is set on object 'Object Repository/Perolehan/005 Kemasukan Terimaan/input_No_Dokumen_value'

2019-03-19 12:34:01 - [TEST_STEP][PASSED] - delay(5): Delayed 5 second(s)

2019-03-19 12:34:06 - [MESSAGE][PASSED] - Delayed 5 second(s)

2019-03-19 12:34:06 - [TEST_STEP][PASSED] - click(findTestObject("Perolehan/005 Kemasukan Terimaan/select_No_Dokumen")): Object: 'Object Repository/Perolehan/005 Kemasukan Terimaan/select_No_Dokumen' is clicked on

2019-03-19 12:34:06 - [MESSAGE][PASSED] - Object: 'Object Repository/Perolehan/005 Kemasukan Terimaan/select_No_Dokumen' is clicked on

2019-03-19 12:34:06 - [TEST_STEP][PASSED] - delay(3): Delayed 3 second(s)

2019-03-19 12:34:09 - [MESSAGE][PASSED] - Delayed 3 second(s)

2019-03-19 12:34:09 - [TEST_STEP][PASSED] - click(findTestObject("Perolehan/005 Kemasukan Terimaan/button_Cari")): Object: 'Object Repository/Perolehan/005 Kemasukan Terimaan/button_Cari' is clicked on

2019-03-19 12:34:09 - [MESSAGE][PASSED] - Object: 'Object Repository/Perolehan/005 Kemasukan Terimaan/button_Cari' is clicked on

2019-03-19 12:34:09 - [TEST_STEP][PASSED] - delay(3): Delayed 3 second(s)

2019-03-19 12:34:12 - [MESSAGE][PASSED] - Delayed 3 second(s)

2019-03-19 12:34:12 - [TEST_STEP][PASSED] - click(findTestObject("Perolehan/005 Kemasukan Terimaan/OK_Rekod_Wujud")): Object: 'Object Repository/Perolehan/005 Kemasukan Terimaan/OK_Rekod_Wujud' is clicked on

2019-03-19 12:34:12 - [MESSAGE][PASSED] - Object: 'Object Repository/Perolehan/005 Kemasukan Terimaan/OK_Rekod_Wujud' is clicked on

2019-03-19 12:34:12 - [TEST_STEP][PASSED] - delay(3): Delayed 3 second(s)

2019-03-19 12:34:15 - [MESSAGE][PASSED] - Delayed 3 second(s)

2019-03-19 12:34:15 - [TEST_STEP][PASSED] - click(findTestObject("Perolehan/005 Kemasukan Terimaan/001 Kemasukan Inden Kerja/Drop_down_Jenis_Terimaan")): Object: 'Object Repository/Perolehan/005 Kemasukan Terimaan/001 Kemasukan Inden Kerja/Drop_down_Jenis_Terimaan' is clicked on

2019-03-19 12:34:15 - [MESSAGE][PASSED] - Object: 'Object Repository/Perolehan/005 Kemasukan Terimaan/001 Kemasukan Inden Kerja/Drop_down_Jenis_Terimaan' is clicked on

2019-03-19 12:34:15 - [TEST_STEP][PASSED] - click(findTestObject("Perolehan/005 Kemasukan Terimaan/001 Kemasukan Inden Kerja/select_TERIMAAN INDEN KERJA PENUH")): Object: 'Object Repository/Perolehan/005 Kemasukan Terimaan/001 Kemasukan Inden Kerja/select_TERIMAAN INDEN KERJA PENUH' is clicked on

2019-03-19 12:34:15 - [MESSAGE][PASSED] - Object: 'Object Repository/Perolehan/005 Kemasukan Terimaan/001 Kemasukan Inden Kerja/select_TERIMAAN INDEN KERJA PENUH' is clicked on

2019-03-19 12:34:15 - [TEST_STEP][PASSED] - setText(findTestObject("Perolehan/005 Kemasukan Terimaan/001 Kemasukan Inden Kerja/input_No_Rujukan"), "123456789012345"): Text '123456789012345' is set on object 'Object Repository/Perolehan/005 Kemasukan Terimaan/001 Kemasukan Inden Kerja/input_No_Rujukan'

2019-03-19 12:34:15 - [MESSAGE][PASSED] - Text '123456789012345' is set on object 'Object Repository/Perolehan/005 Kemasukan Terimaan/001 Kemasukan Inden Kerja/input_No_Rujukan'

2019-03-19 12:34:15 - [TEST_STEP][PASSED] - click(findTestObject("Perolehan/005 Kemasukan Terimaan/001 Kemasukan Inden Kerja/Date_Picker_Tarikh_No_Rujukan")): Object: 'Object Repository/Perolehan/005 Kemasukan Terimaan/001 Kemasukan Inden Kerja/Date_Picker_Tarikh_No_Rujukan' is clicked on

2019-03-19 12:34:15 - [MESSAGE][PASSED] - Object: 'Object Repository/Perolehan/005 Kemasukan Terimaan/001 Kemasukan Inden Kerja/Date_Picker_Tarikh_No_Rujukan' is clicked on

2019-03-19 12:34:15 - [TEST_STEP][PASSED] - click(findTestObject("Perolehan/005 Kemasukan Terimaan/001 Kemasukan Inden Kerja/Date_Picker_TR_Today")): Object: 'Object Repository/Perolehan/005 Kemasukan Terimaan/001 Kemasukan Inden Kerja/Date_Picker_TR_Today' is clicked on

2019-03-19 12:34:15 - [MESSAGE][PASSED] - Object: 'Object Repository/Perolehan/005 Kemasukan Terimaan/001 Kemasukan Inden Kerja/Date_Picker_TR_Today' is clicked on

2019-03-19 12:34:15 - [TEST_STEP][PASSED] - delay(3): Delayed 3 second(s)

2019-03-19 12:34:18 - [MESSAGE][PASSED] - Delayed 3 second(s)

2019-03-19 12:34:18 - [TEST_STEP][PASSED] - click(findTestObject("Perolehan/005 Kemasukan Terimaan/001 Kemasukan Inden Kerja/Date_Picker_Tarikh_Siap")): Object: 'Object Repository/Perolehan/005 Kemasukan Terimaan/001 Kemasukan Inden Kerja/Date_Picker_Tarikh_Siap' is clicked on

2019-03-19 12:34:19 - [MESSAGE][PASSED] - Object: 'Object Repository/Perolehan/005 Kemasukan Terimaan/001 Kemasukan Inden Kerja/Date_Picker_Tarikh_Siap' is clicked on

2019-03-19 12:34:19 - [TEST_STEP][PASSED] - click(findTestObject("Perolehan/005 Kemasukan Terimaan/001 Kemasukan Inden Kerja/Date_Picker_TS_Today")): Object: 'Object Repository/Perolehan/005 Kemasukan Terimaan/001 Kemasukan Inden Kerja/Date_Picker_TS_Today' is clicked on

2019-03-19 12:34:19 - [MESSAGE][PASSED] - Object: 'Object Repository/Perolehan/005 Kemasukan Terimaan/001 Kemasukan Inden Kerja/Date_Picker_TS_Today' is clicked on

2019-03-19 12:34:19 - [TEST_STEP][PASSED] - delay(3): Delayed 3 second(s)

2019-03-19 12:34:22 - [MESSAGE][PASSED] - Delayed 3 second(s)

2019-03-19 12:34:22 - [TEST_STEP][PASSED] - setText(findTestObject("Perolehan/005 Kemasukan Terimaan/001 Kemasukan Inden Kerja/input_Catatan"), "Test Catatan 000"): Text 'Test Catatan 000' is set on object 'Object Repository/Perolehan/005 Kemasukan Terimaan/001 Kemasukan Inden Kerja/input_Catatan'

2019-03-19 12:34:22 - [MESSAGE][PASSED] - Text 'Test Catatan 000' is set on object 'Object Repository/Perolehan/005 Kemasukan Terimaan/001 Kemasukan Inden Kerja/input_Catatan'

2019-03-19 12:34:22 - [TEST_STEP][PASSED] - click(findTestObject("Perolehan/005 Kemasukan Terimaan/001 Kemasukan Inden Kerja/button_Simpan")): Object: 'Object Repository/Perolehan/005 Kemasukan Terimaan/001 Kemasukan Inden Kerja/button_Simpan' is clicked on

2019-03-19 12:34:22 - [MESSAGE][PASSED] - Object: 'Object Repository/Perolehan/005 Kemasukan Terimaan/001 Kemasukan Inden Kerja/button_Simpan' is clicked on

2019-03-19 12:34:22 - [TEST_STEP][PASSED] - delay(3): Delayed 3 second(s)

2019-03-19 12:34:25 - [MESSAGE][PASSED] - Delayed 3 second(s)

2019-03-19 12:34:25 - [TEST_STEP][PASSED] - waitForElementClickable(findTestObject("Perolehan/005 Kemasukan Terimaan/001 Kemasukan Inden Kerja/button_OK_rekod_berjaya_disimpan"), 60): Object 'Object Repository/Perolehan/005 Kemasukan Terimaan/001 Kemasukan Inden Kerja/button_OK_rekod_berjaya_disimpan' is clickable

2019-03-19 12:34:25 - [MESSAGE][PASSED] - Object 'Object Repository/Perolehan/005 Kemasukan Terimaan/001 Kemasukan Inden Kerja/button_OK_rekod_berjaya_disimpan' is clickable

2019-03-19 12:34:25 - [TEST_STEP][PASSED] - click(findTestObject("Perolehan/005 Kemasukan Terimaan/001 Kemasukan Inden Kerja/button_OK_rekod_berjaya_disimpan")): Object: 'Object Repository/Perolehan/005 Kemasukan Terimaan/001 Kemasukan Inden Kerja/button_OK_rekod_berjaya_disimpan' is clicked on

2019-03-19 12:34:25 - [MESSAGE][PASSED] - Object: 'Object Repository/Perolehan/005 Kemasukan Terimaan/001 Kemasukan Inden Kerja/button_OK_rekod_berjaya_disimpan' is clicked on

2019-03-19 12:34:25 - [TEST_STEP][PASSED] - click(findTestObject("Perolehan/005 Kemasukan Terimaan/001 Kemasukan Inden Kerja/button_Sah_Simpan")): Object: 'Object Repository/Perolehan/005 Kemasukan Terimaan/001 Kemasukan Inden Kerja/button_Sah_Simpan' is clicked on

2019-03-19 12:34:25 - [MESSAGE][PASSED] - Object: 'Object Repository/Perolehan/005 Kemasukan Terimaan/001 Kemasukan Inden Kerja/button_Sah_Simpan' is clicked on

2019-03-19 12:34:25 - [TEST_STEP][PASSED] - click(findTestObject("Perolehan/005 Kemasukan Terimaan/001 Kemasukan Inden Kerja/button_Ya_Sah_Simpan")): Object: 'Object Repository/Perolehan/005 Kemasukan Terimaan/001 Kemasukan Inden Kerja/button_Ya_Sah_Simpan' is clicked on

2019-03-19 12:34:25 - [MESSAGE][PASSED] - Object: 'Object Repository/Perolehan/005 Kemasukan Terimaan/001 Kemasukan Inden Kerja/button_Ya_Sah_Simpan' is clicked on

2019-03-19 12:34:25 - [TEST_STEP][PASSED] - delay(3): Delayed 3 second(s)

2019-03-19 12:34:28 - [MESSAGE][PASSED] - Delayed 3 second(s)

2019-03-19 12:34:28 - [TEST_STEP][PASSED] - takeScreenshot(): Taking screenshot successfully

2019-03-19 12:34:29 - [MESSAGE][PASSED] - Taking screenshot successfully
[[ATTACHMENT|C:\\Users\\Consultant_MSPHitect\\Katalon Studio\\TrainingonKatalon\\Reports\\Perolehan\\03 Inden Kerja Cara Bayaran EFT Dengan Pemfaktoran\\20190319_115557\\1552970068583.png]]

2019-03-19 12:34:29 - [TEST_STEP][PASSED] - click(findTestObject("Perolehan/005 Kemasukan Terimaan/001 Kemasukan Inden Kerja/button_OK_close_rekod_berjaya")): Object: 'Object Repository/Perolehan/005 Kemasukan Terimaan/001 Kemasukan Inden Kerja/button_OK_close_rekod_berjaya' is clicked on

2019-03-19 12:34:29 - [MESSAGE][PASSED] - Object: 'Object Repository/Perolehan/005 Kemasukan Terimaan/001 Kemasukan Inden Kerja/button_OK_close_rekod_berjaya' is clicked on

2019-03-19 12:34:29 - [TEST_STEP][PASSED] - closeBrowser(): Browser is closed

2019-03-19 12:34:29 - [MESSAGE][PASSED] - Browser is closed]]></system-out>
         <system-err><![CDATA[]]></system-err>
      </testcase>
      <testcase name="Test Cases/Perolehan/006 Arahan Bayaran/003 Arahan Bayaran Inden Kerja - EFT" classname="Test Cases/Perolehan/006 Arahan Bayaran/003 Arahan Bayaran Inden Kerja - EFT" status="PASSED">
         <system-out><![CDATA[2019-03-19 12:34:29 - [TEST_CASE][PASSED] - Test Cases/Perolehan/006 Arahan Bayaran/003 Arahan Bayaran Inden Kerja - EFT: Test Cases/Perolehan/006 Arahan Bayaran/003 Arahan Bayaran Inden Kerja - EFT

2019-03-19 12:34:29 - [TEST_STEP][PASSED] - reusablefunctions.reusablefunctions.openbrowser(): reusablefunctions.reusablefunctions.openbrowser is PASSED

2019-03-19 12:34:29 - [MESSAGE][INFO] - Starting 'Chrome' driver

2019-03-19 12:34:34 - [MESSAGE][PASSED] - Browser is opened with url: 'https://175.143.52.101:7011/1SPEKSv2/'

2019-03-19 12:34:34 - [MESSAGE][PASSED] - reusablefunctions.reusablefunctions.openbrowser is PASSED

2019-03-19 12:34:34 - [TEST_STEP][PASSED] - reusablefunctions.reusablefunctions.Login(findTestData("ispekstestdata").getValue(1, 2), findTestData("ispekstestdata").getValue(2, 2)): reusablefunctions.reusablefunctions.Login is PASSED

2019-03-19 12:34:34 - [MESSAGE][PASSED] - Text '601101955194' is set on object 'Object Repository/Login/input_NoKadPengenalan'

2019-03-19 12:34:34 - [MESSAGE][PASSED] - Text ****** has been set on object 'Object Repository/Login/input_Password'

2019-03-19 12:34:36 - [MESSAGE][PASSED] - Object: 'Object Repository/Login/input_ButtonLogMasuk' is clicked on

2019-03-19 12:34:46 - [MESSAGE][PASSED] - Delayed 10 second(s)

2019-03-19 12:34:46 - [MESSAGE][PASSED] - reusablefunctions.reusablefunctions.Login is PASSED

2019-03-19 12:34:46 - [TEST_STEP][PASSED] - delay(3): Delayed 3 second(s)

2019-03-19 12:34:49 - [MESSAGE][PASSED] - Delayed 3 second(s)

2019-03-19 12:34:49 - [TEST_STEP][PASSED] - reusablefunctions.reusablefunctions.PerananPenyediaPTJ(): reusablefunctions.reusablefunctions.PerananPenyediaPTJ is PASSED

2019-03-19 12:34:49 - [MESSAGE][PASSED] - Object: 'Object Repository/Perolehan/TukarPeranan/IconTukarPeranan' is clicked on

2019-03-19 12:34:49 - [MESSAGE][PASSED] - Object: 'Object Repository/Perolehan/TukarPeranan/input_TukarPenyediaPTJ' is clicked on

2019-03-19 12:34:49 - [MESSAGE][PASSED] - Object: 'Object Repository/Perolehan/TukarPeranan/button_Ya' is clicked on

2019-03-19 12:35:09 - [MESSAGE][PASSED] - Delayed 20 second(s)

2019-03-19 12:35:11 - [MESSAGE][PASSED] - Text 'Peranan : [Penyedia] Peringkat : [PTJ]' is present on page 

2019-03-19 12:35:11 - [MESSAGE][PASSED] - reusablefunctions.reusablefunctions.PerananPenyediaPTJ is PASSED

2019-03-19 12:35:11 - [TEST_STEP][PASSED] - click(findTestObject("Perolehan/001 Left_Menu_Selection/a_ExpandMenuonLeft")): Object: 'Object Repository/Perolehan/001 Left_Menu_Selection/a_ExpandMenuonLeft' is clicked on

2019-03-19 12:35:12 - [MESSAGE][PASSED] - Object: 'Object Repository/Perolehan/001 Left_Menu_Selection/a_ExpandMenuonLeft' is clicked on

2019-03-19 12:35:12 - [TEST_STEP][PASSED] - delay(3, STOP_ON_FAILURE): Delayed 3 second(s)

2019-03-19 12:35:15 - [MESSAGE][PASSED] - Delayed 3 second(s)

2019-03-19 12:35:15 - [TEST_STEP][PASSED] - click(findTestObject("Perolehan/001 Left_Menu_Selection/div_PanelTitlePerolehan")): Object: 'Object Repository/Perolehan/001 Left_Menu_Selection/div_PanelTitlePerolehan' is clicked on

2019-03-19 12:35:15 - [MESSAGE][PASSED] - Object: 'Object Repository/Perolehan/001 Left_Menu_Selection/div_PanelTitlePerolehan' is clicked on

2019-03-19 12:35:15 - [TEST_STEP][PASSED] - delay(3, STOP_ON_FAILURE): Delayed 3 second(s)

2019-03-19 12:35:18 - [MESSAGE][PASSED] - Delayed 3 second(s)

2019-03-19 12:35:18 - [TEST_STEP][PASSED] - click(findTestObject("Perolehan/001 Left_Menu_Selection/div_Menu_ArahanBayaran")): Object: 'Object Repository/Perolehan/001 Left_Menu_Selection/div_Menu_ArahanBayaran' is clicked on

2019-03-19 12:35:18 - [MESSAGE][PASSED] - Object: 'Object Repository/Perolehan/001 Left_Menu_Selection/div_Menu_ArahanBayaran' is clicked on

2019-03-19 12:35:18 - [TEST_STEP][PASSED] - assert true: null

2019-03-19 12:35:18 - [TEST_STEP][PASSED] - delay(3): Delayed 3 second(s)

2019-03-19 12:35:21 - [MESSAGE][PASSED] - Delayed 3 second(s)

2019-03-19 12:35:21 - [TEST_STEP][PASSED] - click(findTestObject("Perolehan/006 Arahan Bayaran/button_REKOD_BARU")): Object: 'Object Repository/Perolehan/006 Arahan Bayaran/button_REKOD_BARU' is clicked on

2019-03-19 12:35:21 - [MESSAGE][PASSED] - Object: 'Object Repository/Perolehan/006 Arahan Bayaran/button_REKOD_BARU' is clicked on

2019-03-19 12:35:21 - [TEST_STEP][PASSED] - delay(3): Delayed 3 second(s)

2019-03-19 12:35:24 - [MESSAGE][PASSED] - Delayed 3 second(s)

2019-03-19 12:35:24 - [TEST_STEP][PASSED] - click(findTestObject("Perolehan/006 Arahan Bayaran/001 Inden Kerja - EFT/Drop_Down_Jenis_Baucar_Bayaran"), STOP_ON_FAILURE): Object: 'Object Repository/Perolehan/006 Arahan Bayaran/001 Inden Kerja - EFT/Drop_Down_Jenis_Baucar_Bayaran' is clicked on

2019-03-19 12:35:24 - [MESSAGE][PASSED] - Object: 'Object Repository/Perolehan/006 Arahan Bayaran/001 Inden Kerja - EFT/Drop_Down_Jenis_Baucar_Bayaran' is clicked on

2019-03-19 12:35:24 - [TEST_STEP][PASSED] - delay(3): Delayed 3 second(s)

2019-03-19 12:35:27 - [MESSAGE][PASSED] - Delayed 3 second(s)

2019-03-19 12:35:27 - [TEST_STEP][PASSED] - click(findTestObject("Perolehan/006 Arahan Bayaran/001 Inden Kerja - EFT/select_AB0303_Inden_Kerja")): Object: 'Object Repository/Perolehan/006 Arahan Bayaran/001 Inden Kerja - EFT/select_AB0303_Inden_Kerja' is clicked on

2019-03-19 12:35:27 - [MESSAGE][PASSED] - Object: 'Object Repository/Perolehan/006 Arahan Bayaran/001 Inden Kerja - EFT/select_AB0303_Inden_Kerja' is clicked on

2019-03-19 12:35:27 - [TEST_STEP][PASSED] - delay(3): Delayed 3 second(s)

2019-03-19 12:35:30 - [MESSAGE][PASSED] - Delayed 3 second(s)

2019-03-19 12:35:30 - [TEST_STEP][PASSED] - click(findTestObject("Perolehan/006 Arahan Bayaran/001 Inden Kerja - EFT/Drop_Down_Nama_Pembekal")): Object: 'Object Repository/Perolehan/006 Arahan Bayaran/001 Inden Kerja - EFT/Drop_Down_Nama_Pembekal' is clicked on

2019-03-19 12:35:31 - [MESSAGE][PASSED] - Object: 'Object Repository/Perolehan/006 Arahan Bayaran/001 Inden Kerja - EFT/Drop_Down_Nama_Pembekal' is clicked on

2019-03-19 12:35:31 - [TEST_STEP][PASSED] - delay(3): Delayed 3 second(s)

2019-03-19 12:35:34 - [MESSAGE][PASSED] - Delayed 3 second(s)

2019-03-19 12:35:34 - [TEST_STEP][PASSED] - click(findTestObject("Perolehan/006 Arahan Bayaran/001 Inden Kerja - EFT/select_G0804CM29379")): Object: 'Object Repository/Perolehan/006 Arahan Bayaran/001 Inden Kerja - EFT/select_G0804CM29379' is clicked on

2019-03-19 12:35:34 - [MESSAGE][PASSED] - Object: 'Object Repository/Perolehan/006 Arahan Bayaran/001 Inden Kerja - EFT/select_G0804CM29379' is clicked on

2019-03-19 12:35:34 - [TEST_STEP][PASSED] - delay(10): Delayed 10 second(s)

2019-03-19 12:35:44 - [MESSAGE][PASSED] - Delayed 10 second(s)

2019-03-19 12:35:44 - [TEST_STEP][PASSED] - click(findTestObject("Perolehan/006 Arahan Bayaran/001 Inden Kerja - EFT/Drop_Down_Jenis_Pemfaktoran")): Object: 'Object Repository/Perolehan/006 Arahan Bayaran/001 Inden Kerja - EFT/Drop_Down_Jenis_Pemfaktoran' is clicked on

2019-03-19 12:35:44 - [MESSAGE][PASSED] - Object: 'Object Repository/Perolehan/006 Arahan Bayaran/001 Inden Kerja - EFT/Drop_Down_Jenis_Pemfaktoran' is clicked on

2019-03-19 12:35:44 - [TEST_STEP][PASSED] - click(findTestObject("Perolehan/006 Arahan Bayaran/001 Inden Kerja - EFT/Dengan_Pemfaktoran_Ya")): Object: 'Object Repository/Perolehan/006 Arahan Bayaran/001 Inden Kerja - EFT/Dengan_Pemfaktoran_Ya' is clicked on

2019-03-19 12:35:44 - [MESSAGE][PASSED] - Object: 'Object Repository/Perolehan/006 Arahan Bayaran/001 Inden Kerja - EFT/Dengan_Pemfaktoran_Ya' is clicked on

2019-03-19 12:35:44 - [TEST_STEP][PASSED] - mydate = new java.util.Date(): null

2019-03-19 12:35:44 - [TEST_STEP][PASSED] - setText(findTestObject("Perolehan/006 Arahan Bayaran/001 Inden Kerja - EFT/input_Perihal"), "This is a test for Arahan Bayaran Julia " + mydate): Text 'This is a test for Arahan Bayaran Julia Tue Mar 19 12:35:44 SGT 2019' is set on object 'Object Repository/Perolehan/006 Arahan Bayaran/001 Inden Kerja - EFT/input_Perihal'

2019-03-19 12:35:44 - [MESSAGE][PASSED] - Text 'This is a test for Arahan Bayaran Julia Tue Mar 19 12:35:44 SGT 2019' is set on object 'Object Repository/Perolehan/006 Arahan Bayaran/001 Inden Kerja - EFT/input_Perihal'

2019-03-19 12:35:44 - [TEST_STEP][PASSED] - delay(3): Delayed 3 second(s)

2019-03-19 12:35:47 - [MESSAGE][PASSED] - Delayed 3 second(s)

2019-03-19 12:35:47 - [TEST_STEP][PASSED] - doubleClick(findTestObject("Perolehan/006 Arahan Bayaran/001 Inden Kerja - EFT/List_maklumat_terimaan_barang")): Object: 'Object Repository/Perolehan/006 Arahan Bayaran/001 Inden Kerja - EFT/List_maklumat_terimaan_barang' is double clicked on

2019-03-19 12:35:47 - [MESSAGE][PASSED] - Object: 'Object Repository/Perolehan/006 Arahan Bayaran/001 Inden Kerja - EFT/List_maklumat_terimaan_barang' is double clicked on

2019-03-19 12:35:47 - [TEST_STEP][PASSED] - delay(3): Delayed 3 second(s)

2019-03-19 12:35:50 - [MESSAGE][PASSED] - Delayed 3 second(s)

2019-03-19 12:35:50 - [TEST_STEP][PASSED] - click(findTestObject("Perolehan/006 Arahan Bayaran/001 Inden Kerja - EFT/Date_Picker_TI")): Object: 'Object Repository/Perolehan/006 Arahan Bayaran/001 Inden Kerja - EFT/Date_Picker_TI' is clicked on

2019-03-19 12:35:51 - [MESSAGE][PASSED] - Object: 'Object Repository/Perolehan/006 Arahan Bayaran/001 Inden Kerja - EFT/Date_Picker_TI' is clicked on

2019-03-19 12:35:51 - [TEST_STEP][PASSED] - click(findTestObject("Perolehan/006 Arahan Bayaran/001 Inden Kerja - EFT/Date_picker_TI_Today")): Object: 'Object Repository/Perolehan/006 Arahan Bayaran/001 Inden Kerja - EFT/Date_picker_TI_Today' is clicked on

2019-03-19 12:35:51 - [MESSAGE][PASSED] - Object: 'Object Repository/Perolehan/006 Arahan Bayaran/001 Inden Kerja - EFT/Date_picker_TI_Today' is clicked on

2019-03-19 12:35:51 - [TEST_STEP][PASSED] - click(findTestObject("Perolehan/006 Arahan Bayaran/001 Inden Kerja - EFT/Date_Picker_TTK"), STOP_ON_FAILURE): Object: 'Object Repository/Perolehan/006 Arahan Bayaran/001 Inden Kerja - EFT/Date_Picker_TTK' is clicked on

2019-03-19 12:35:51 - [MESSAGE][PASSED] - Object: 'Object Repository/Perolehan/006 Arahan Bayaran/001 Inden Kerja - EFT/Date_Picker_TTK' is clicked on

2019-03-19 12:35:51 - [TEST_STEP][PASSED] - click(findTestObject("Perolehan/006 Arahan Bayaran/001 Inden Kerja - EFT/Date_Picker_TTK_Today"), STOP_ON_FAILURE): Object: 'Object Repository/Perolehan/006 Arahan Bayaran/001 Inden Kerja - EFT/Date_Picker_TTK_Today' is clicked on

2019-03-19 12:35:51 - [MESSAGE][PASSED] - Object: 'Object Repository/Perolehan/006 Arahan Bayaran/001 Inden Kerja - EFT/Date_Picker_TTK_Today' is clicked on

2019-03-19 12:35:51 - [TEST_STEP][PASSED] - delay(3): Delayed 3 second(s)

2019-03-19 12:35:54 - [MESSAGE][PASSED] - Delayed 3 second(s)

2019-03-19 12:35:54 - [TEST_STEP][PASSED] - setText(findTestObject("Perolehan/006 Arahan Bayaran/001 Inden Kerja - EFT/input_Amaun_Invois"), TotalAmaunPT): Text '11.06' is set on object 'Object Repository/Perolehan/006 Arahan Bayaran/001 Inden Kerja - EFT/input_Amaun_Invois'

2019-03-19 12:35:54 - [MESSAGE][PASSED] - Text '11.06' is set on object 'Object Repository/Perolehan/006 Arahan Bayaran/001 Inden Kerja - EFT/input_Amaun_Invois'

2019-03-19 12:35:54 - [TEST_STEP][PASSED] - RN = Math.random() * 10000: null

2019-03-19 12:35:54 - [TEST_STEP][PASSED] - println(RN): null

2019-03-19 12:35:54 - [TEST_STEP][PASSED] - setText(findTestObject("Perolehan/006 Arahan Bayaran/001 Inden Kerja - EFT/input_No_Invois"), "INV0" + RN): Text 'INV08086' is set on object 'Object Repository/Perolehan/006 Arahan Bayaran/001 Inden Kerja - EFT/input_No_Invois'

2019-03-19 12:35:54 - [MESSAGE][PASSED] - Text 'INV08086' is set on object 'Object Repository/Perolehan/006 Arahan Bayaran/001 Inden Kerja - EFT/input_No_Invois'

2019-03-19 12:35:54 - [TEST_STEP][PASSED] - delay(5): Delayed 5 second(s)

2019-03-19 12:35:59 - [MESSAGE][PASSED] - Delayed 5 second(s)

2019-03-19 12:35:59 - [TEST_STEP][PASSED] - click(findTestObject("Perolehan/006 Arahan Bayaran/001 Inden Kerja - EFT/button_save_maklumat_terimaan_barang")): Object: 'Object Repository/Perolehan/006 Arahan Bayaran/001 Inden Kerja - EFT/button_save_maklumat_terimaan_barang' is clicked on

2019-03-19 12:35:59 - [MESSAGE][PASSED] - Object: 'Object Repository/Perolehan/006 Arahan Bayaran/001 Inden Kerja - EFT/button_save_maklumat_terimaan_barang' is clicked on

2019-03-19 12:35:59 - [TEST_STEP][PASSED] - delay(3): Delayed 3 second(s)

2019-03-19 12:36:02 - [MESSAGE][PASSED] - Delayed 3 second(s)

2019-03-19 12:36:02 - [TEST_STEP][PASSED] - scrollToElement(findTestObject("Perolehan/006 Arahan Bayaran/001 Inden Kerja - EFT/button_tambah_maklumat_penerima"), 180): Scroll to object 'Object Repository/Perolehan/006 Arahan Bayaran/001 Inden Kerja - EFT/button_tambah_maklumat_penerima' successfully

2019-03-19 12:36:02 - [MESSAGE][PASSED] - Scroll to object 'Object Repository/Perolehan/006 Arahan Bayaran/001 Inden Kerja - EFT/button_tambah_maklumat_penerima' successfully

2019-03-19 12:36:02 - [TEST_STEP][PASSED] - waitForElementPresent(findTestObject("Perolehan/006 Arahan Bayaran/001 Inden Kerja - EFT/button_tambah_maklumat_penerima"), 180): Object 'Object Repository/Perolehan/006 Arahan Bayaran/001 Inden Kerja - EFT/button_tambah_maklumat_penerima' is present

2019-03-19 12:36:02 - [MESSAGE][PASSED] - Object 'Object Repository/Perolehan/006 Arahan Bayaran/001 Inden Kerja - EFT/button_tambah_maklumat_penerima' is present

2019-03-19 12:36:02 - [TEST_STEP][PASSED] - click(findTestObject("Perolehan/006 Arahan Bayaran/001 Inden Kerja - EFT/button_tambah_maklumat_penerima")): Object: 'Object Repository/Perolehan/006 Arahan Bayaran/001 Inden Kerja - EFT/button_tambah_maklumat_penerima' is clicked on

2019-03-19 12:36:02 - [MESSAGE][PASSED] - Object: 'Object Repository/Perolehan/006 Arahan Bayaran/001 Inden Kerja - EFT/button_tambah_maklumat_penerima' is clicked on

2019-03-19 12:36:02 - [TEST_STEP][PASSED] - delay(3): Delayed 3 second(s)

2019-03-19 12:36:05 - [MESSAGE][PASSED] - Delayed 3 second(s)

2019-03-19 12:36:05 - [TEST_STEP][PASSED] - click(findTestObject("Perolehan/006 Arahan Bayaran/001 Inden Kerja - EFT/Penerima_Drop_Down_No_KPNo_Daftar_Syarikat")): Object: 'Object Repository/Perolehan/006 Arahan Bayaran/001 Inden Kerja - EFT/Penerima_Drop_Down_No_KPNo_Daftar_Syarikat' is clicked on

2019-03-19 12:36:06 - [MESSAGE][PASSED] - Object: 'Object Repository/Perolehan/006 Arahan Bayaran/001 Inden Kerja - EFT/Penerima_Drop_Down_No_KPNo_Daftar_Syarikat' is clicked on

2019-03-19 12:36:06 - [TEST_STEP][PASSED] - delay(3): Delayed 3 second(s)

2019-03-19 12:36:09 - [MESSAGE][PASSED] - Delayed 3 second(s)

2019-03-19 12:36:09 - [TEST_STEP][PASSED] - click(findTestObject("Perolehan/006 Arahan Bayaran/001 Inden Kerja - EFT/Penerima_select_M0808SM29376")): Object: 'Object Repository/Perolehan/006 Arahan Bayaran/001 Inden Kerja - EFT/Penerima_select_M0808SM29376' is clicked on

2019-03-19 12:36:09 - [MESSAGE][PASSED] - Object: 'Object Repository/Perolehan/006 Arahan Bayaran/001 Inden Kerja - EFT/Penerima_select_M0808SM29376' is clicked on

2019-03-19 12:36:09 - [TEST_STEP][PASSED] - delay(3): Delayed 3 second(s)

2019-03-19 12:36:12 - [MESSAGE][PASSED] - Delayed 3 second(s)

2019-03-19 12:36:12 - [TEST_STEP][PASSED] - setText(findTestObject("Perolehan/006 Arahan Bayaran/001 Inden Kerja - EFT/Penerima_input_amaun"), TotalAmaunPT): Text '11.06' is set on object 'Object Repository/Perolehan/006 Arahan Bayaran/001 Inden Kerja - EFT/Penerima_input_amaun'

2019-03-19 12:36:12 - [MESSAGE][PASSED] - Text '11.06' is set on object 'Object Repository/Perolehan/006 Arahan Bayaran/001 Inden Kerja - EFT/Penerima_input_amaun'

2019-03-19 12:36:12 - [TEST_STEP][PASSED] - click(findTestObject("Perolehan/006 Arahan Bayaran/001 Inden Kerja - EFT/Penerima_button_save")): Object: 'Object Repository/Perolehan/006 Arahan Bayaran/001 Inden Kerja - EFT/Penerima_button_save' is clicked on

2019-03-19 12:36:12 - [MESSAGE][PASSED] - Object: 'Object Repository/Perolehan/006 Arahan Bayaran/001 Inden Kerja - EFT/Penerima_button_save' is clicked on

2019-03-19 12:36:12 - [TEST_STEP][PASSED] - click(findTestObject("Perolehan/006 Arahan Bayaran/001 Inden Kerja - EFT/button_Simpan")): Object: 'Object Repository/Perolehan/006 Arahan Bayaran/001 Inden Kerja - EFT/button_Simpan' is clicked on

2019-03-19 12:36:12 - [MESSAGE][PASSED] - Object: 'Object Repository/Perolehan/006 Arahan Bayaran/001 Inden Kerja - EFT/button_Simpan' is clicked on

2019-03-19 12:36:12 - [TEST_STEP][PASSED] - click(findTestObject("Perolehan/006 Arahan Bayaran/001 Inden Kerja - EFT/button_Ya_Simpan")): Object: 'Object Repository/Perolehan/006 Arahan Bayaran/001 Inden Kerja - EFT/button_Ya_Simpan' is clicked on

2019-03-19 12:36:12 - [MESSAGE][PASSED] - Object: 'Object Repository/Perolehan/006 Arahan Bayaran/001 Inden Kerja - EFT/button_Ya_Simpan' is clicked on

2019-03-19 12:36:12 - [TEST_STEP][PASSED] - delay(3): Delayed 3 second(s)

2019-03-19 12:36:15 - [MESSAGE][PASSED] - Delayed 3 second(s)

2019-03-19 12:36:15 - [TEST_STEP][PASSED] - click(findTestObject("Perolehan/006 Arahan Bayaran/001 Inden Kerja - EFT/button_OK_rekod_disimpan")): Object: 'Object Repository/Perolehan/006 Arahan Bayaran/001 Inden Kerja - EFT/button_OK_rekod_disimpan' is clicked on

2019-03-19 12:36:15 - [MESSAGE][PASSED] - Object: 'Object Repository/Perolehan/006 Arahan Bayaran/001 Inden Kerja - EFT/button_OK_rekod_disimpan' is clicked on

2019-03-19 12:36:15 - [TEST_STEP][PASSED] - click(findTestObject("Perolehan/006 Arahan Bayaran/001 Inden Kerja - EFT/button_Senarai Semak")): Object: 'Object Repository/Perolehan/006 Arahan Bayaran/001 Inden Kerja - EFT/button_Senarai Semak' is clicked on

2019-03-19 12:36:16 - [MESSAGE][PASSED] - Object: 'Object Repository/Perolehan/006 Arahan Bayaran/001 Inden Kerja - EFT/button_Senarai Semak' is clicked on

2019-03-19 12:36:16 - [TEST_STEP][PASSED] - check(findTestObject("Perolehan/006 Arahan Bayaran/001 Inden Kerja - EFT/Senarai_semak_1")): Object 'Object Repository/Perolehan/006 Arahan Bayaran/001 Inden Kerja - EFT/Senarai_semak_1' is checked

2019-03-19 12:36:16 - [MESSAGE][PASSED] - Object 'Object Repository/Perolehan/006 Arahan Bayaran/001 Inden Kerja - EFT/Senarai_semak_1' is checked

2019-03-19 12:36:16 - [TEST_STEP][PASSED] - check(findTestObject("Perolehan/006 Arahan Bayaran/001 Inden Kerja - EFT/Senarai_Semak_2")): Object 'Object Repository/Perolehan/006 Arahan Bayaran/001 Inden Kerja - EFT/Senarai_Semak_2' is checked

2019-03-19 12:36:16 - [MESSAGE][PASSED] - Object 'Object Repository/Perolehan/006 Arahan Bayaran/001 Inden Kerja - EFT/Senarai_Semak_2' is checked

2019-03-19 12:36:16 - [TEST_STEP][PASSED] - check(findTestObject("Perolehan/006 Arahan Bayaran/001 Inden Kerja - EFT/Senarai_semak_3")): Object 'Object Repository/Perolehan/006 Arahan Bayaran/001 Inden Kerja - EFT/Senarai_semak_3' is checked

2019-03-19 12:36:16 - [MESSAGE][PASSED] - Object 'Object Repository/Perolehan/006 Arahan Bayaran/001 Inden Kerja - EFT/Senarai_semak_3' is checked

2019-03-19 12:36:16 - [TEST_STEP][PASSED] - click(findTestObject("Perolehan/006 Arahan Bayaran/001 Inden Kerja - EFT/button_Simpan_Senarai_Semak")): Object: 'Object Repository/Perolehan/006 Arahan Bayaran/001 Inden Kerja - EFT/button_Simpan_Senarai_Semak' is clicked on

2019-03-19 12:36:16 - [MESSAGE][PASSED] - Object: 'Object Repository/Perolehan/006 Arahan Bayaran/001 Inden Kerja - EFT/button_Simpan_Senarai_Semak' is clicked on

2019-03-19 12:36:16 - [TEST_STEP][PASSED] - delay(3): Delayed 3 second(s)

[...]

2019-03-19 12:38:42 - [MESSAGE][PASSED] - Object: 'Object Repository/Perolehan/007 Proses Baucar Bayaran/button_Lulus' is clicked on

2019-03-19 12:38:42 - [TEST_STEP][PASSED] - delay(3): Delayed 3 second(s)

2019-03-19 12:38:45 - [MESSAGE][PASSED] - Delayed 3 second(s)

2019-03-19 12:38:45 - [TEST_STEP][PASSED] - click(findTestObject("Perolehan/007 Proses Baucar Bayaran/button_Ya_Lulus")): Object: 'Object Repository/Perolehan/007 Proses Baucar Bayaran/button_Ya_Lulus' is clicked on

2019-03-19 12:38:45 - [MESSAGE][PASSED] - Object: 'Object Repository/Perolehan/007 Proses Baucar Bayaran/button_Ya_Lulus' is clicked on

2019-03-19 12:38:45 - [TEST_STEP][PASSED] - delay(3): Delayed 3 second(s)

2019-03-19 12:38:48 - [MESSAGE][PASSED] - Delayed 3 second(s)

2019-03-19 12:38:48 - [TEST_STEP][PASSED] - No_Baucar = getText(findTestObject("Perolehan/007 Proses Baucar Bayaran/div_Rekod Berjaya Diluluskan")): Text of object 'Object Repository/Perolehan/007 Proses Baucar Bayaran/div_Rekod Berjaya Diluluskan' is: 'Rekod Berjaya Diluluskan.
No. Baucar : 19DABB0400132
Adakah Anda Ingin Mencetak Rekod Ini?
YaTidak'

2019-03-19 12:38:48 - [MESSAGE][PASSED] - Text of object 'Object Repository/Perolehan/007 Proses Baucar Bayaran/div_Rekod Berjaya Diluluskan' is: 'Rekod Berjaya Diluluskan.
No. Baucar : 19DABB0400132
Adakah Anda Ingin Mencetak Rekod Ini?
YaTidak'

2019-03-19 12:38:48 - [TEST_STEP][PASSED] - println(No_Baucar): null

2019-03-19 12:38:48 - [TEST_STEP][PASSED] - Baucar_id = No_Baucar[(39..51)]: null

2019-03-19 12:38:48 - [TEST_STEP][PASSED] - println(Baucar_id): null

2019-03-19 12:38:48 - [TEST_STEP][PASSED] - Nombor_Baucar = Baucar_id: null

2019-03-19 12:38:48 - [TEST_STEP][PASSED] - delay(3): Delayed 3 second(s)

2019-03-19 12:38:51 - [MESSAGE][PASSED] - Delayed 3 second(s)

2019-03-19 12:38:51 - [TEST_STEP][PASSED] - click(findTestObject("Perolehan/007 Proses Baucar Bayaran/button_Ya_Cetak")): Object: 'Object Repository/Perolehan/007 Proses Baucar Bayaran/button_Ya_Cetak' is clicked on

2019-03-19 12:41:44 - [MESSAGE][PASSED] - Object: 'Object Repository/Perolehan/007 Proses Baucar Bayaran/button_Ya_Cetak' is clicked on

2019-03-19 12:41:44 - [TEST_STEP][PASSED] - switchToWindowIndex(1): Switched to window with index: '1'

2019-03-19 12:41:44 - [MESSAGE][PASSED] - Switched to window with index: '1'

2019-03-19 12:41:44 - [TEST_STEP][PASSED] - delay(3): Delayed 3 second(s)

2019-03-19 12:41:47 - [MESSAGE][PASSED] - Delayed 3 second(s)

2019-03-19 12:41:47 - [TEST_STEP][PASSED] - waitForPageLoad(180): Wait for page load successfully

2019-03-19 12:41:48 - [MESSAGE][PASSED] - Wait for page load successfully

2019-03-19 12:41:48 - [TEST_STEP][PASSED] - takeScreenshot(): Taking screenshot successfully

2019-03-19 12:41:49 - [MESSAGE][PASSED] - Taking screenshot successfully
[[ATTACHMENT|C:\\Users\\Consultant_MSPHitect\\Katalon Studio\\TrainingonKatalon\\Reports\\Perolehan\\03 Inden Kerja Cara Bayaran EFT Dengan Pemfaktoran\\20190319_115557\\1552970508970.png]]

2019-03-19 12:41:49 - [TEST_STEP][PASSED] - switchToWindowIndex(0): Switched to window with index: '0'

2019-03-19 12:41:49 - [MESSAGE][PASSED] - Switched to window with index: '0'

2019-03-19 12:41:49 - [TEST_STEP][PASSED] - delay(3): Delayed 3 second(s)

2019-03-19 12:41:52 - [MESSAGE][PASSED] - Delayed 3 second(s)

2019-03-19 12:41:52 - [TEST_STEP][PASSED] - closeBrowser(): Browser is closed

2019-03-19 12:41:52 - [MESSAGE][PASSED] - Browser is closed]]></system-out>
         <system-err><![CDATA[]]></system-err>
      </testcase>
      <testcase name="Test Cases/Perolehan/008 Posting Bayaran/001 Posting Bayaran - EFT" classname="Test Cases/Perolehan/008 Posting Bayaran/001 Posting Bayaran - EFT" status="PASSED">
         <system-out><![CDATA[2019-03-19 12:41:52 - [TEST_CASE][PASSED] - Test Cases/Perolehan/008 Posting Bayaran/001 Posting Bayaran - EFT: Test Cases/Perolehan/008 Posting Bayaran/001 Posting Bayaran - EFT

2019-03-19 12:41:53 - [TEST_STEP][PASSED] - reusablefunctions.reusablefunctions.openbrowser(): reusablefunctions.reusablefunctions.openbrowser is PASSED

2019-03-19 12:41:53 - [MESSAGE][INFO] - Starting 'Chrome' driver

2019-03-19 12:41:55 - [MESSAGE][PASSED] - Browser is opened with url: 'https://175.143.52.101:7011/1SPEKSv2/'

2019-03-19 12:41:55 - [MESSAGE][PASSED] - reusablefunctions.reusablefunctions.openbrowser is PASSED

2019-03-19 12:41:55 - [TEST_STEP][PASSED] - reusablefunctions.reusablefunctions.Login(findTestData("ispekstestdata").getValue(1, 2), findTestData("ispekstestdata").getValue(2, 2)): reusablefunctions.reusablefunctions.Login is PASSED

2019-03-19 12:41:56 - [MESSAGE][PASSED] - Text '601101955194' is set on object 'Object Repository/Login/input_NoKadPengenalan'

2019-03-19 12:41:56 - [MESSAGE][PASSED] - Text ****** has been set on object 'Object Repository/Login/input_Password'

2019-03-19 12:42:02 - [MESSAGE][PASSED] - Object: 'Object Repository/Login/input_ButtonLogMasuk' is clicked on

2019-03-19 12:42:12 - [MESSAGE][PASSED] - Delayed 10 second(s)

2019-03-19 12:42:12 - [MESSAGE][PASSED] - reusablefunctions.reusablefunctions.Login is PASSED

2019-03-19 12:42:12 - [TEST_STEP][PASSED] - reusablefunctions.reusablefunctions.PerananPelulusBN(): reusablefunctions.reusablefunctions.PerananPelulusBN is PASSED

2019-03-19 12:42:12 - [MESSAGE][PASSED] - Object: 'Object Repository/Perolehan/TukarPeranan/IconTukarPeranan' is clicked on

2019-03-19 12:42:12 - [MESSAGE][PASSED] - Object: 'Object Repository/Perolehan/TukarPeranan/input_TukarPelulusBN' is clicked on

2019-03-19 12:42:12 - [MESSAGE][PASSED] - Object: 'Object Repository/Perolehan/TukarPeranan/button_Ya' is clicked on

2019-03-19 12:42:32 - [MESSAGE][PASSED] - Delayed 20 second(s)

2019-03-19 12:42:35 - [MESSAGE][PASSED] - Text 'Peranan : [Pelulus] Peringkat : [BN]' is present on page 

2019-03-19 12:42:35 - [MESSAGE][PASSED] - reusablefunctions.reusablefunctions.PerananPelulusBN is PASSED

2019-03-19 12:42:35 - [TEST_STEP][PASSED] - click(findTestObject("Perolehan/001 Left_Menu_Selection/a_ExpandMenuonLeft")): Object: 'Object Repository/Perolehan/001 Left_Menu_Selection/a_ExpandMenuonLeft' is clicked on

2019-03-19 12:42:35 - [MESSAGE][PASSED] - Object: 'Object Repository/Perolehan/001 Left_Menu_Selection/a_ExpandMenuonLeft' is clicked on

2019-03-19 12:42:35 - [TEST_STEP][PASSED] - delay(3): Delayed 3 second(s)

2019-03-19 12:42:38 - [MESSAGE][PASSED] - Delayed 3 second(s)

2019-03-19 12:42:38 - [TEST_STEP][PASSED] - click(findTestObject("Perolehan/001 Left_Menu_Selection/div_PanelTitlePengurusanTunai")): Object: 'Object Repository/Perolehan/001 Left_Menu_Selection/div_PanelTitlePengurusanTunai' is clicked on

2019-03-19 12:42:38 - [MESSAGE][PASSED] - Object: 'Object Repository/Perolehan/001 Left_Menu_Selection/div_PanelTitlePengurusanTunai' is clicked on

2019-03-19 12:42:38 - [TEST_STEP][PASSED] - delay(3): Delayed 3 second(s)

2019-03-19 12:42:41 - [MESSAGE][PASSED] - Delayed 3 second(s)

2019-03-19 12:42:41 - [TEST_STEP][PASSED] - click(findTestObject("Perolehan/001 Left_Menu_Selection/div_PostBayaran")): Object: 'Object Repository/Perolehan/001 Left_Menu_Selection/div_PostBayaran' is clicked on

2019-03-19 12:42:41 - [MESSAGE][PASSED] - Object: 'Object Repository/Perolehan/001 Left_Menu_Selection/div_PostBayaran' is clicked on

2019-03-19 12:42:41 - [TEST_STEP][PASSED] - delay(3): Delayed 3 second(s)

2019-03-19 12:42:44 - [MESSAGE][PASSED] - Delayed 3 second(s)

2019-03-19 12:42:44 - [TEST_STEP][PASSED] - click(findTestObject("Perolehan/008 Post Bayaran/Drop_down_No_Baucar")): Object: 'Object Repository/Perolehan/008 Post Bayaran/Drop_down_No_Baucar' is clicked on

2019-03-19 12:42:44 - [MESSAGE][PASSED] - Object: 'Object Repository/Perolehan/008 Post Bayaran/Drop_down_No_Baucar' is clicked on

2019-03-19 12:42:44 - [TEST_STEP][PASSED] - delay(3): Delayed 3 second(s)

2019-03-19 12:42:47 - [MESSAGE][PASSED] - Delayed 3 second(s)

2019-03-19 12:42:47 - [TEST_STEP][PASSED] - setText(findTestObject("Perolehan/008 Post Bayaran/input_No. Baucar_noBaucar"), Nombor_Baucar): Text '19DABB0400132' is set on object 'Object Repository/Perolehan/008 Post Bayaran/input_No. Baucar_noBaucar'

2019-03-19 12:42:48 - [MESSAGE][PASSED] - Text '19DABB0400132' is set on object 'Object Repository/Perolehan/008 Post Bayaran/input_No. Baucar_noBaucar'

2019-03-19 12:42:48 - [TEST_STEP][PASSED] - delay(3): Delayed 3 second(s)

2019-03-19 12:42:51 - [MESSAGE][PASSED] - Delayed 3 second(s)

2019-03-19 12:42:51 - [TEST_STEP][PASSED] - click(findTestObject("Perolehan/008 Post Bayaran/select_No_Baucar", ["text":Nombor_Baucar])): Object: 'Object Repository/Perolehan/008 Post Bayaran/select_No_Baucar' is clicked on

2019-03-19 12:42:51 - [MESSAGE][PASSED] - Object: 'Object Repository/Perolehan/008 Post Bayaran/select_No_Baucar' is clicked on

2019-03-19 12:42:51 - [TEST_STEP][PASSED] - delay(3): Delayed 3 second(s)

2019-03-19 12:42:54 - [MESSAGE][PASSED] - Delayed 3 second(s)

2019-03-19 12:42:54 - [TEST_STEP][PASSED] - click(findTestObject("Perolehan/008 Post Bayaran/button_Cari")): Object: 'Object Repository/Perolehan/008 Post Bayaran/button_Cari' is clicked on

2019-03-19 12:42:54 - [MESSAGE][PASSED] - Object: 'Object Repository/Perolehan/008 Post Bayaran/button_Cari' is clicked on

2019-03-19 12:42:54 - [TEST_STEP][PASSED] - delay(23): Delayed 23 second(s)

2019-03-19 12:43:17 - [MESSAGE][PASSED] - Delayed 23 second(s)

2019-03-19 12:43:17 - [TEST_STEP][PASSED] - check(findTestObject("Perolehan/008 Post Bayaran/checkbox_proses")): Object 'Object Repository/Perolehan/008 Post Bayaran/checkbox_proses' is checked

2019-03-19 12:43:17 - [MESSAGE][PASSED] - Object 'Object Repository/Perolehan/008 Post Bayaran/checkbox_proses' is checked

2019-03-19 12:43:17 - [TEST_STEP][PASSED] - click(findTestObject("Perolehan/008 Post Bayaran/button_proses")): Object: 'Object Repository/Perolehan/008 Post Bayaran/button_proses' is clicked on

2019-03-19 12:43:17 - [MESSAGE][PASSED] - Object: 'Object Repository/Perolehan/008 Post Bayaran/button_proses' is clicked on

2019-03-19 12:43:17 - [TEST_STEP][PASSED] - delay(3): Delayed 3 second(s)

2019-03-19 12:43:20 - [MESSAGE][PASSED] - Delayed 3 second(s)

2019-03-19 12:43:20 - [TEST_STEP][PASSED] - click(findTestObject("Perolehan/008 Post Bayaran/button_Ya_Proses")): Object: 'Object Repository/Perolehan/008 Post Bayaran/button_Ya_Proses' is clicked on

2019-03-19 12:43:20 - [MESSAGE][PASSED] - Object: 'Object Repository/Perolehan/008 Post Bayaran/button_Ya_Proses' is clicked on

2019-03-19 12:43:20 - [TEST_STEP][PASSED] - delay(10): Delayed 10 second(s)

2019-03-19 12:43:30 - [MESSAGE][PASSED] - Delayed 10 second(s)

2019-03-19 12:43:30 - [TEST_STEP][PASSED] - waitForElementPresent(findTestObject("Perolehan/008 Post Bayaran/button_OK"), 180): Object 'Object Repository/Perolehan/008 Post Bayaran/button_OK' is present

2019-03-19 12:43:30 - [MESSAGE][PASSED] - Object 'Object Repository/Perolehan/008 Post Bayaran/button_OK' is present

2019-03-19 12:43:30 - [TEST_STEP][PASSED] - verifyTextPresent("Proses Posting Berjaya.", false): Text 'Proses Posting Berjaya.' is present on page 

2019-03-19 12:43:31 - [MESSAGE][PASSED] - Text 'Proses Posting Berjaya.' is present on page 

2019-03-19 12:43:31 - [TEST_STEP][PASSED] - takeScreenshot(): Taking screenshot successfully

2019-03-19 12:43:31 - [MESSAGE][PASSED] - Taking screenshot successfully
[[ATTACHMENT|C:\\Users\\Consultant_MSPHitect\\Katalon Studio\\TrainingonKatalon\\Reports\\Perolehan\\03 Inden Kerja Cara Bayaran EFT Dengan Pemfaktoran\\20190319_115557\\1552970611689.png]]

2019-03-19 12:43:31 - [TEST_STEP][PASSED] - click(findTestObject("Perolehan/008 Post Bayaran/button_OK")): Object: 'Object Repository/Perolehan/008 Post Bayaran/button_OK' is clicked on

2019-03-19 12:43:32 - [MESSAGE][PASSED] - Object: 'Object Repository/Perolehan/008 Post Bayaran/button_OK' is clicked on

2019-03-19 12:43:32 - [TEST_STEP][PASSED] - delay(3): Delayed 3 second(s)

2019-03-19 12:43:35 - [MESSAGE][PASSED] - Delayed 3 second(s)

2019-03-19 12:43:35 - [TEST_STEP][PASSED] - closeBrowser(): Browser is closed

2019-03-19 12:43:35 - [MESSAGE][PASSED] - Browser is closed]]></system-out>
         <system-err><![CDATA[]]></system-err>
      </testcase>
      <testcase name="Test Cases/Perolehan/009 Penyedia Cetak Baucar Bayaran/001 Penyedia Cetak Baucar Bayaran" classname="Test Cases/Perolehan/009 Penyedia Cetak Baucar Bayaran/001 Penyedia Cetak Baucar Bayaran" status="PASSED">
         <system-out><![CDATA[2019-03-19 12:43:35 - [TEST_CASE][PASSED] - Test Cases/Perolehan/009 Penyedia Cetak Baucar Bayaran/001 Penyedia Cetak Baucar Bayaran: Test Cases/Perolehan/009 Penyedia Cetak Baucar Bayaran/001 Penyedia Cetak Baucar Bayaran

2019-03-19 12:43:36 - [TEST_STEP][PASSED] - reusablefunctions.reusablefunctions.openbrowser(): reusablefunctions.reusablefunctions.openbrowser is PASSED

2019-03-19 12:43:36 - [MESSAGE][INFO] - Starting 'Chrome' driver

2019-03-19 12:43:39 - [MESSAGE][PASSED] - Browser is opened with url: 'https://175.143.52.101:7011/1SPEKSv2/'

2019-03-19 12:43:39 - [MESSAGE][PASSED] - reusablefunctions.reusablefunctions.openbrowser is PASSED

2019-03-19 12:43:39 - [TEST_STEP][PASSED] - reusablefunctions.reusablefunctions.Login(findTestData("ispekstestdata").getValue(1, 2), findTestData("ispekstestdata").getValue(2, 2)): reusablefunctions.reusablefunctions.Login is PASSED

2019-03-19 12:43:39 - [MESSAGE][PASSED] - Text '601101955194' is set on object 'Object Repository/Login/input_NoKadPengenalan'

2019-03-19 12:43:39 - [MESSAGE][PASSED] - Text ****** has been set on object 'Object Repository/Login/input_Password'

2019-03-19 12:43:44 - [MESSAGE][PASSED] - Object: 'Object Repository/Login/input_ButtonLogMasuk' is clicked on

2019-03-19 12:43:54 - [MESSAGE][PASSED] - Delayed 10 second(s)

2019-03-19 12:43:54 - [MESSAGE][PASSED] - reusablefunctions.reusablefunctions.Login is PASSED

2019-03-19 12:43:54 - [TEST_STEP][PASSED] - reusablefunctions.reusablefunctions.PerananPenyediaPTJ(): reusablefunctions.reusablefunctions.PerananPenyediaPTJ is PASSED

2019-03-19 12:43:54 - [MESSAGE][PASSED] - Object: 'Object Repository/Perolehan/TukarPeranan/IconTukarPeranan' is clicked on

2019-03-19 12:43:54 - [MESSAGE][PASSED] - Object: 'Object Repository/Perolehan/TukarPeranan/input_TukarPenyediaPTJ' is clicked on

2019-03-19 12:43:54 - [MESSAGE][PASSED] - Object: 'Object Repository/Perolehan/TukarPeranan/button_Ya' is clicked on

2019-03-19 12:44:14 - [MESSAGE][PASSED] - Delayed 20 second(s)

2019-03-19 12:44:17 - [MESSAGE][PASSED] - Text 'Peranan : [Penyedia] Peringkat : [PTJ]' is present on page 

2019-03-19 12:44:17 - [MESSAGE][PASSED] - reusablefunctions.reusablefunctions.PerananPenyediaPTJ is PASSED

2019-03-19 12:44:17 - [TEST_STEP][PASSED] - click(findTestObject("Perolehan/001 Left_Menu_Selection/a_ExpandMenuonLeft")): Object: 'Object Repository/Perolehan/001 Left_Menu_Selection/a_ExpandMenuonLeft' is clicked on

2019-03-19 12:44:17 - [MESSAGE][PASSED] - Object: 'Object Repository/Perolehan/001 Left_Menu_Selection/a_ExpandMenuonLeft' is clicked on

2019-03-19 12:44:17 - [TEST_STEP][PASSED] - delay(3): Delayed 3 second(s)

2019-03-19 12:44:20 - [MESSAGE][PASSED] - Delayed 3 second(s)

2019-03-19 12:44:20 - [TEST_STEP][PASSED] - click(findTestObject("Perolehan/001 Left_Menu_Selection/Menu_Akaun Belum Bayar")): Object: 'Object Repository/Perolehan/001 Left_Menu_Selection/Menu_Akaun Belum Bayar' is clicked on

2019-03-19 12:44:20 - [MESSAGE][PASSED] - Object: 'Object Repository/Perolehan/001 Left_Menu_Selection/Menu_Akaun Belum Bayar' is clicked on

2019-03-19 12:44:20 - [TEST_STEP][PASSED] - delay(3): Delayed 3 second(s)

2019-03-19 12:44:23 - [MESSAGE][PASSED] - Delayed 3 second(s)

2019-03-19 12:44:23 - [TEST_STEP][PASSED] - click(findTestObject("Perolehan/001 Left_Menu_Selection/div_Carian_Akaun_Belum_Bayar")): Object: 'Object Repository/Perolehan/001 Left_Menu_Selection/div_Carian_Akaun_Belum_Bayar' is clicked on

2019-03-19 12:44:23 - [MESSAGE][PASSED] - Object: 'Object Repository/Perolehan/001 Left_Menu_Selection/div_Carian_Akaun_Belum_Bayar' is clicked on

2019-03-19 12:44:23 - [TEST_STEP][PASSED] - delay(3): Delayed 3 second(s)

2019-03-19 12:44:26 - [MESSAGE][PASSED] - Delayed 3 second(s)

2019-03-19 12:44:26 - [TEST_STEP][PASSED] - click(findTestObject("Perolehan/009 Penyedia Cetak Baucar Bayaran/Drop_down_Jenis_Carian")): Object: 'Object Repository/Perolehan/009 Penyedia Cetak Baucar Bayaran/Drop_down_Jenis_Carian' is clicked on

2019-03-19 12:44:31 - [MESSAGE][PASSED] - Object: 'Object Repository/Perolehan/009 Penyedia Cetak Baucar Bayaran/Drop_down_Jenis_Carian' is clicked on

2019-03-19 12:44:31 - [TEST_STEP][PASSED] - click(findTestObject("Perolehan/009 Penyedia Cetak Baucar Bayaran/Select_No_Baucar")): Object: 'Object Repository/Perolehan/009 Penyedia Cetak Baucar Bayaran/Select_No_Baucar' is clicked on

2019-03-19 12:44:31 - [MESSAGE][PASSED] - Object: 'Object Repository/Perolehan/009 Penyedia Cetak Baucar Bayaran/Select_No_Baucar' is clicked on

2019-03-19 12:44:31 - [TEST_STEP][PASSED] - setText(findTestObject("Perolehan/009 Penyedia Cetak Baucar Bayaran/Input_No_Baucar"), Nombor_Baucar): Text '19DABB0400132' is set on object 'Object Repository/Perolehan/009 Penyedia Cetak Baucar Bayaran/Input_No_Baucar'

2019-03-19 12:44:31 - [MESSAGE][PASSED] - Text '19DABB0400132' is set on object 'Object Repository/Perolehan/009 Penyedia Cetak Baucar Bayaran/Input_No_Baucar'

2019-03-19 12:44:31 - [TEST_STEP][PASSED] - click(findTestObject("Perolehan/009 Penyedia Cetak Baucar Bayaran/button_Cari")): Object: 'Object Repository/Perolehan/009 Penyedia Cetak Baucar Bayaran/button_Cari' is clicked on

2019-03-19 12:44:31 - [MESSAGE][PASSED] - Object: 'Object Repository/Perolehan/009 Penyedia Cetak Baucar Bayaran/button_Cari' is clicked on

2019-03-19 12:44:31 - [TEST_STEP][PASSED] - delay(15): Delayed 15 second(s)

2019-03-19 12:44:46 - [MESSAGE][PASSED] - Delayed 15 second(s)

2019-03-19 12:44:46 - [TEST_STEP][PASSED] - click(findTestObject("Perolehan/009 Penyedia Cetak Baucar Bayaran/button_Cetak")): Object: 'Object Repository/Perolehan/009 Penyedia Cetak Baucar Bayaran/button_Cetak' is clicked on

2019-03-19 12:44:46 - [MESSAGE][PASSED] - Object: 'Object Repository/Perolehan/009 Penyedia Cetak Baucar Bayaran/button_Cetak' is clicked on

2019-03-19 12:44:46 - [TEST_STEP][PASSED] - delay(3): Delayed 3 second(s)

2019-03-19 12:44:49 - [MESSAGE][PASSED] - Delayed 3 second(s)

2019-03-19 12:44:49 - [TEST_STEP][PASSED] - waitForPageLoad(180): Wait for page load successfully

2019-03-19 12:44:49 - [MESSAGE][PASSED] - Wait for page load successfully

2019-03-19 12:44:49 - [TEST_STEP][PASSED] - takeScreenshot(): Taking screenshot successfully

2019-03-19 12:44:50 - [MESSAGE][PASSED] - Taking screenshot successfully
[[ATTACHMENT|C:\\Users\\Consultant_MSPHitect\\Katalon Studio\\TrainingonKatalon\\Reports\\Perolehan\\03 Inden Kerja Cara Bayaran EFT Dengan Pemfaktoran\\20190319_115557\\1552970689867.png]]

2019-03-19 12:44:50 - [TEST_STEP][PASSED] - switchToWindowIndex(0): Switched to window with index: '0'

2019-03-19 12:44:50 - [MESSAGE][PASSED] - Switched to window with index: '0'

2019-03-19 12:44:50 - [TEST_STEP][PASSED] - delay(3): Delayed 3 second(s)

2019-03-19 12:44:53 - [MESSAGE][PASSED] - Delayed 3 second(s)

2019-03-19 12:44:53 - [TEST_STEP][PASSED] - closeBrowser(): Browser is closed

2019-03-19 12:44:53 - [MESSAGE][PASSED] - Browser is closed]]></system-out>
         <system-err><![CDATA[]]></system-err>
      </testcase>
      <system-out><![CDATA[2019-03-19 12:28:54 - [TEST_SUITE][PASSED] - 03 Inden Kerja Cara Bayaran EFT Dengan Pemfaktoran: Test Cases/Perolehan/009 Penyedia Cetak Baucar Bayaran/001 Penyedia Cetak Baucar Bayaran]]></system-out>
      <system-err><![CDATA[]]></system-err>
   </testsuite>
</testsuites>
